CRITICAL - 2025-09-02 11:45:08 --> Call to undefined method App\Controllers\UltraSimple::initController()
#0 C:\WORK\BIITEEK\Projects\Forked\Codeignitor-PHP-based-Tax-Invoice-Quotation-Proforma-QuickQuote-Purchase-invoice-management-System\system\CodeIgniter.php(422): CodeIgniter\CodeIgniter->createController()
#1 C:\WORK\BIITEEK\Projects\Forked\Codeignitor-PHP-based-Tax-Invoice-Quotation-Proforma-QuickQuote-Purchase-invoice-management-System\system\CodeIgniter.php(333): CodeIgniter\CodeIgniter->handleRequest(NULL, Object(Config\Cache), false)
#2 C:\WORK\BIITEEK\Projects\Forked\Codeignitor-PHP-based-Tax-Invoice-Quotation-Proforma-QuickQuote-Purchase-invoice-management-System\public\index.php(44): CodeIgniter\CodeIgniter->run()
#3 {main}
CRITICAL - 2025-09-02 11:58:41 --> Call to undefined method App\Controllers\UltraSimple::initController()
#0 C:\WORK\BIITEEK\Projects\Forked\Codeignitor-PHP-based-Tax-Invoice-Quotation-Proforma-QuickQuote-Purchase-invoice-management-System\system\CodeIgniter.php(422): CodeIgniter\CodeIgniter->createController()
#1 C:\WORK\BIITEEK\Projects\Forked\Codeignitor-PHP-based-Tax-Invoice-Quotation-Proforma-QuickQuote-Purchase-invoice-management-System\system\CodeIgniter.php(333): CodeIgniter\CodeIgniter->handleRequest(NULL, Object(Config\Cache), false)
#2 C:\WORK\BIITEEK\Projects\Forked\Codeignitor-PHP-based-Tax-Invoice-Quotation-Proforma-QuickQuote-Purchase-invoice-management-System\public\index.php(44): CodeIgniter\CodeIgniter->run()
#3 {main}
CRITICAL - 2025-09-02 12:12:35 --> You must set the database table to be used with your query.
#0 C:\WORK\BIITEEK\Projects\Forked\Codeignitor-PHP-based-Tax-Invoice-Quotation-Proforma-QuickQuote-Purchase-invoice-management-System\system\Model.php(615): CodeIgniter\Database\BaseConnection->table(NULL)
#1 C:\WORK\BIITEEK\Projects\Forked\Codeignitor-PHP-based-Tax-Invoice-Quotation-Proforma-QuickQuote-Purchase-invoice-management-System\system\Model.php(834): CodeIgniter\Model->builder()
#2 C:\WORK\BIITEEK\Projects\Forked\Codeignitor-PHP-based-Tax-Invoice-Quotation-Proforma-QuickQuote-Purchase-invoice-management-System\app\Controllers\WorkingDashboard.php(46): CodeIgniter\Model->__call('clientcount', Array)
#3 C:\WORK\BIITEEK\Projects\Forked\Codeignitor-PHP-based-Tax-Invoice-Quotation-Proforma-QuickQuote-Purchase-invoice-management-System\system\CodeIgniter.php(936): App\Controllers\WorkingDashboard->index()
#4 C:\WORK\BIITEEK\Projects\Forked\Codeignitor-PHP-based-Tax-Invoice-Quotation-Proforma-QuickQuote-Purchase-invoice-management-System\system\CodeIgniter.php(432): CodeIgniter\CodeIgniter->runController(Object(App\Controllers\WorkingDashboard))
#5 C:\WORK\BIITEEK\Projects\Forked\Codeignitor-PHP-based-Tax-Invoice-Quotation-Proforma-QuickQuote-Purchase-invoice-management-System\system\CodeIgniter.php(333): CodeIgniter\CodeIgniter->handleRequest(NULL, Object(Config\Cache), false)
#6 C:\WORK\BIITEEK\Projects\Forked\Codeignitor-PHP-based-Tax-Invoice-Quotation-Proforma-QuickQuote-Purchase-invoice-management-System\index.php(44): CodeIgniter\CodeIgniter->run()
#7 {main}
CRITICAL - 2025-09-02 12:15:02 --> You must set the database table to be used with your query.
#0 C:\WORK\BIITEEK\Projects\Forked\Codeignitor-PHP-based-Tax-Invoice-Quotation-Proforma-QuickQuote-Purchase-invoice-management-System\system\Model.php(615): CodeIgniter\Database\BaseConnection->table(NULL)
#1 C:\WORK\BIITEEK\Projects\Forked\Codeignitor-PHP-based-Tax-Invoice-Quotation-Proforma-QuickQuote-Purchase-invoice-management-System\system\Model.php(834): CodeIgniter\Model->builder()
#2 C:\WORK\BIITEEK\Projects\Forked\Codeignitor-PHP-based-Tax-Invoice-Quotation-Proforma-QuickQuote-Purchase-invoice-management-System\app\Controllers\WorkingDashboard.php(46): CodeIgniter\Model->__call('clientcount', Array)
#3 C:\WORK\BIITEEK\Projects\Forked\Codeignitor-PHP-based-Tax-Invoice-Quotation-Proforma-QuickQuote-Purchase-invoice-management-System\system\CodeIgniter.php(936): App\Controllers\WorkingDashboard->index()
#4 C:\WORK\BIITEEK\Projects\Forked\Codeignitor-PHP-based-Tax-Invoice-Quotation-Proforma-QuickQuote-Purchase-invoice-management-System\system\CodeIgniter.php(432): CodeIgniter\CodeIgniter->runController(Object(App\Controllers\WorkingDashboard))
#5 C:\WORK\BIITEEK\Projects\Forked\Codeignitor-PHP-based-Tax-Invoice-Quotation-Proforma-QuickQuote-Purchase-invoice-management-System\system\CodeIgniter.php(333): CodeIgniter\CodeIgniter->handleRequest(NULL, Object(Config\Cache), false)
#6 C:\WORK\BIITEEK\Projects\Forked\Codeignitor-PHP-based-Tax-Invoice-Quotation-Proforma-QuickQuote-Purchase-invoice-management-System\index.php(44): CodeIgniter\CodeIgniter->run()
#7 {main}
CRITICAL - 2025-09-02 12:15:15 --> You must set the database table to be used with your query.
#0 C:\WORK\BIITEEK\Projects\Forked\Codeignitor-PHP-based-Tax-Invoice-Quotation-Proforma-QuickQuote-Purchase-invoice-management-System\system\Model.php(615): CodeIgniter\Database\BaseConnection->table(NULL)
#1 C:\WORK\BIITEEK\Projects\Forked\Codeignitor-PHP-based-Tax-Invoice-Quotation-Proforma-QuickQuote-Purchase-invoice-management-System\system\Model.php(834): CodeIgniter\Model->builder()
#2 C:\WORK\BIITEEK\Projects\Forked\Codeignitor-PHP-based-Tax-Invoice-Quotation-Proforma-QuickQuote-Purchase-invoice-management-System\app\Controllers\WorkingDashboard.php(46): CodeIgniter\Model->__call('clientcount', Array)
#3 C:\WORK\BIITEEK\Projects\Forked\Codeignitor-PHP-based-Tax-Invoice-Quotation-Proforma-QuickQuote-Purchase-invoice-management-System\system\CodeIgniter.php(936): App\Controllers\WorkingDashboard->index()
#4 C:\WORK\BIITEEK\Projects\Forked\Codeignitor-PHP-based-Tax-Invoice-Quotation-Proforma-QuickQuote-Purchase-invoice-management-System\system\CodeIgniter.php(432): CodeIgniter\CodeIgniter->runController(Object(App\Controllers\WorkingDashboard))
#5 C:\WORK\BIITEEK\Projects\Forked\Codeignitor-PHP-based-Tax-Invoice-Quotation-Proforma-QuickQuote-Purchase-invoice-management-System\system\CodeIgniter.php(333): CodeIgniter\CodeIgniter->handleRequest(NULL, Object(Config\Cache), false)
#6 C:\WORK\BIITEEK\Projects\Forked\Codeignitor-PHP-based-Tax-Invoice-Quotation-Proforma-QuickQuote-Purchase-invoice-management-System\index.php(44): CodeIgniter\CodeIgniter->run()
#7 {main}
CRITICAL - 2025-09-02 12:16:04 --> You must set the database table to be used with your query.
#0 C:\WORK\BIITEEK\Projects\Forked\Codeignitor-PHP-based-Tax-Invoice-Quotation-Proforma-QuickQuote-Purchase-invoice-management-System\system\Model.php(615): CodeIgniter\Database\BaseConnection->table(NULL)
#1 C:\WORK\BIITEEK\Projects\Forked\Codeignitor-PHP-based-Tax-Invoice-Quotation-Proforma-QuickQuote-Purchase-invoice-management-System\system\Model.php(834): CodeIgniter\Model->builder()
#2 C:\WORK\BIITEEK\Projects\Forked\Codeignitor-PHP-based-Tax-Invoice-Quotation-Proforma-QuickQuote-Purchase-invoice-management-System\app\Controllers\WorkingDashboard.php(46): CodeIgniter\Model->__call('clientcount', Array)
#3 C:\WORK\BIITEEK\Projects\Forked\Codeignitor-PHP-based-Tax-Invoice-Quotation-Proforma-QuickQuote-Purchase-invoice-management-System\system\CodeIgniter.php(936): App\Controllers\WorkingDashboard->index()
#4 C:\WORK\BIITEEK\Projects\Forked\Codeignitor-PHP-based-Tax-Invoice-Quotation-Proforma-QuickQuote-Purchase-invoice-management-System\system\CodeIgniter.php(432): CodeIgniter\CodeIgniter->runController(Object(App\Controllers\WorkingDashboard))
#5 C:\WORK\BIITEEK\Projects\Forked\Codeignitor-PHP-based-Tax-Invoice-Quotation-Proforma-QuickQuote-Purchase-invoice-management-System\system\CodeIgniter.php(333): CodeIgniter\CodeIgniter->handleRequest(NULL, Object(Config\Cache), false)
#6 C:\WORK\BIITEEK\Projects\Forked\Codeignitor-PHP-based-Tax-Invoice-Quotation-Proforma-QuickQuote-Purchase-invoice-management-System\index.php(44): CodeIgniter\CodeIgniter->run()
#7 {main}
CRITICAL - 2025-09-02 12:16:51 --> You must set the database table to be used with your query.
#0 C:\WORK\BIITEEK\Projects\Forked\Codeignitor-PHP-based-Tax-Invoice-Quotation-Proforma-QuickQuote-Purchase-invoice-management-System\system\Model.php(615): CodeIgniter\Database\BaseConnection->table(NULL)
#1 C:\WORK\BIITEEK\Projects\Forked\Codeignitor-PHP-based-Tax-Invoice-Quotation-Proforma-QuickQuote-Purchase-invoice-management-System\system\Model.php(834): CodeIgniter\Model->builder()
#2 C:\WORK\BIITEEK\Projects\Forked\Codeignitor-PHP-based-Tax-Invoice-Quotation-Proforma-QuickQuote-Purchase-invoice-management-System\app\Controllers\WorkingDashboard.php(46): CodeIgniter\Model->__call('clientcount', Array)
#3 C:\WORK\BIITEEK\Projects\Forked\Codeignitor-PHP-based-Tax-Invoice-Quotation-Proforma-QuickQuote-Purchase-invoice-management-System\system\CodeIgniter.php(936): App\Controllers\WorkingDashboard->index()
#4 C:\WORK\BIITEEK\Projects\Forked\Codeignitor-PHP-based-Tax-Invoice-Quotation-Proforma-QuickQuote-Purchase-invoice-management-System\system\CodeIgniter.php(432): CodeIgniter\CodeIgniter->runController(Object(App\Controllers\WorkingDashboard))
#5 C:\WORK\BIITEEK\Projects\Forked\Codeignitor-PHP-based-Tax-Invoice-Quotation-Proforma-QuickQuote-Purchase-invoice-management-System\system\CodeIgniter.php(333): CodeIgniter\CodeIgniter->handleRequest(NULL, Object(Config\Cache), false)
#6 C:\WORK\BIITEEK\Projects\Forked\Codeignitor-PHP-based-Tax-Invoice-Quotation-Proforma-QuickQuote-Purchase-invoice-management-System\index.php(44): CodeIgniter\CodeIgniter->run()
#7 {main}
CRITICAL - 2025-09-02 12:23:46 --> Call to undefined function set_active()
#0 C:\WORK\BIITEEK\Projects\Forked\Codeignitor-PHP-based-Tax-Invoice-Quotation-Proforma-QuickQuote-Purchase-invoice-management-System\system\View\View.php(220): include()
#1 C:\WORK\BIITEEK\Projects\Forked\Codeignitor-PHP-based-Tax-Invoice-Quotation-Proforma-QuickQuote-Purchase-invoice-management-System\system\View\View.php(222): CodeIgniter\View\View->CodeIgniter\View\{closure}()
#2 C:\WORK\BIITEEK\Projects\Forked\Codeignitor-PHP-based-Tax-Invoice-Quotation-Proforma-QuickQuote-Purchase-invoice-management-System\system\View\View.php(468): CodeIgniter\View\View->render('Include/sidebar...', NULL, true)
#3 C:\WORK\BIITEEK\Projects\Forked\Codeignitor-PHP-based-Tax-Invoice-Quotation-Proforma-QuickQuote-Purchase-invoice-management-System\app\Views\layout\Dashboard-layout.php(53): CodeIgniter\View\View->include('Include/sidebar...')
#4 C:\WORK\BIITEEK\Projects\Forked\Codeignitor-PHP-based-Tax-Invoice-Quotation-Proforma-QuickQuote-Purchase-invoice-management-System\system\View\View.php(220): include('C:\\WORK\\BIITEEK...')
#5 C:\WORK\BIITEEK\Projects\Forked\Codeignitor-PHP-based-Tax-Invoice-Quotation-Proforma-QuickQuote-Purchase-invoice-management-System\system\View\View.php(222): CodeIgniter\View\View->CodeIgniter\View\{closure}()
#6 C:\WORK\BIITEEK\Projects\Forked\Codeignitor-PHP-based-Tax-Invoice-Quotation-Proforma-QuickQuote-Purchase-invoice-management-System\system\Common.php(1217): CodeIgniter\View\View->render('layout/dashboar...', Array, true)
#7 C:\WORK\BIITEEK\Projects\Forked\Codeignitor-PHP-based-Tax-Invoice-Quotation-Proforma-QuickQuote-Purchase-invoice-management-System\app\Controllers\Home.php(36): view('layout/dashboar...', Array)
#8 C:\WORK\BIITEEK\Projects\Forked\Codeignitor-PHP-based-Tax-Invoice-Quotation-Proforma-QuickQuote-Purchase-invoice-management-System\system\CodeIgniter.php(936): App\Controllers\Home->index()
#9 C:\WORK\BIITEEK\Projects\Forked\Codeignitor-PHP-based-Tax-Invoice-Quotation-Proforma-QuickQuote-Purchase-invoice-management-System\system\CodeIgniter.php(432): CodeIgniter\CodeIgniter->runController(Object(App\Controllers\Home))
#10 C:\WORK\BIITEEK\Projects\Forked\Codeignitor-PHP-based-Tax-Invoice-Quotation-Proforma-QuickQuote-Purchase-invoice-management-System\system\CodeIgniter.php(333): CodeIgniter\CodeIgniter->handleRequest(NULL, Object(Config\Cache), false)
#11 C:\WORK\BIITEEK\Projects\Forked\Codeignitor-PHP-based-Tax-Invoice-Quotation-Proforma-QuickQuote-Purchase-invoice-management-System\index.php(44): CodeIgniter\CodeIgniter->run()
#12 {main}
CRITICAL - 2025-09-02 12:27:11 --> Call to undefined function set_active()
#0 C:\WORK\BIITEEK\Projects\Forked\Codeignitor-PHP-based-Tax-Invoice-Quotation-Proforma-QuickQuote-Purchase-invoice-management-System\system\View\View.php(220): include()
#1 C:\WORK\BIITEEK\Projects\Forked\Codeignitor-PHP-based-Tax-Invoice-Quotation-Proforma-QuickQuote-Purchase-invoice-management-System\system\View\View.php(222): CodeIgniter\View\View->CodeIgniter\View\{closure}()
#2 C:\WORK\BIITEEK\Projects\Forked\Codeignitor-PHP-based-Tax-Invoice-Quotation-Proforma-QuickQuote-Purchase-invoice-management-System\system\View\View.php(468): CodeIgniter\View\View->render('Include/sidebar...', NULL, true)
#3 C:\WORK\BIITEEK\Projects\Forked\Codeignitor-PHP-based-Tax-Invoice-Quotation-Proforma-QuickQuote-Purchase-invoice-management-System\app\Views\layout\Dashboard-layout.php(53): CodeIgniter\View\View->include('Include/sidebar...')
#4 C:\WORK\BIITEEK\Projects\Forked\Codeignitor-PHP-based-Tax-Invoice-Quotation-Proforma-QuickQuote-Purchase-invoice-management-System\system\View\View.php(220): include('C:\\WORK\\BIITEEK...')
#5 C:\WORK\BIITEEK\Projects\Forked\Codeignitor-PHP-based-Tax-Invoice-Quotation-Proforma-QuickQuote-Purchase-invoice-management-System\system\View\View.php(222): CodeIgniter\View\View->CodeIgniter\View\{closure}()
#6 C:\WORK\BIITEEK\Projects\Forked\Codeignitor-PHP-based-Tax-Invoice-Quotation-Proforma-QuickQuote-Purchase-invoice-management-System\system\View\View.php(236): CodeIgniter\View\View->render('layout/dashboar...', Array, true)
#7 C:\WORK\BIITEEK\Projects\Forked\Codeignitor-PHP-based-Tax-Invoice-Quotation-Proforma-QuickQuote-Purchase-invoice-management-System\system\Common.php(1217): CodeIgniter\View\View->render('Dashboard/home', Array, true)
#8 C:\WORK\BIITEEK\Projects\Forked\Codeignitor-PHP-based-Tax-Invoice-Quotation-Proforma-QuickQuote-Purchase-invoice-management-System\app\Controllers\Home.php(36): view('Dashboard/home', Array)
#9 C:\WORK\BIITEEK\Projects\Forked\Codeignitor-PHP-based-Tax-Invoice-Quotation-Proforma-QuickQuote-Purchase-invoice-management-System\system\CodeIgniter.php(936): App\Controllers\Home->index()
#10 C:\WORK\BIITEEK\Projects\Forked\Codeignitor-PHP-based-Tax-Invoice-Quotation-Proforma-QuickQuote-Purchase-invoice-management-System\system\CodeIgniter.php(432): CodeIgniter\CodeIgniter->runController(Object(App\Controllers\Home))
#11 C:\WORK\BIITEEK\Projects\Forked\Codeignitor-PHP-based-Tax-Invoice-Quotation-Proforma-QuickQuote-Purchase-invoice-management-System\system\CodeIgniter.php(333): CodeIgniter\CodeIgniter->handleRequest(NULL, Object(Config\Cache), false)
#12 C:\WORK\BIITEEK\Projects\Forked\Codeignitor-PHP-based-Tax-Invoice-Quotation-Proforma-QuickQuote-Purchase-invoice-management-System\index.php(44): CodeIgniter\CodeIgniter->run()
#13 {main}
CRITICAL - 2025-09-02 12:33:49 --> Call to undefined function safe_esc()
#0 C:\WORK\BIITEEK\Projects\Forked\Codeignitor-PHP-based-Tax-Invoice-Quotation-Proforma-QuickQuote-Purchase-invoice-management-System\system\View\View.php(220): include()
#1 C:\WORK\BIITEEK\Projects\Forked\Codeignitor-PHP-based-Tax-Invoice-Quotation-Proforma-QuickQuote-Purchase-invoice-management-System\system\View\View.php(222): CodeIgniter\View\View->CodeIgniter\View\{closure}()
#2 C:\WORK\BIITEEK\Projects\Forked\Codeignitor-PHP-based-Tax-Invoice-Quotation-Proforma-QuickQuote-Purchase-invoice-management-System\system\View\View.php(468): CodeIgniter\View\View->render('Include/header....', NULL, true)
#3 C:\WORK\BIITEEK\Projects\Forked\Codeignitor-PHP-based-Tax-Invoice-Quotation-Proforma-QuickQuote-Purchase-invoice-management-System\app\Views\layout\genproinv.php(172): CodeIgniter\View\View->include('Include/header....')
#4 C:\WORK\BIITEEK\Projects\Forked\Codeignitor-PHP-based-Tax-Invoice-Quotation-Proforma-QuickQuote-Purchase-invoice-management-System\system\View\View.php(220): include('C:\\WORK\\BIITEEK...')
#5 C:\WORK\BIITEEK\Projects\Forked\Codeignitor-PHP-based-Tax-Invoice-Quotation-Proforma-QuickQuote-Purchase-invoice-management-System\system\View\View.php(222): CodeIgniter\View\View->CodeIgniter\View\{closure}()
#6 C:\WORK\BIITEEK\Projects\Forked\Codeignitor-PHP-based-Tax-Invoice-Quotation-Proforma-QuickQuote-Purchase-invoice-management-System\system\Common.php(1217): CodeIgniter\View\View->render('layout/genproin...', Array, true)
#7 C:\WORK\BIITEEK\Projects\Forked\Codeignitor-PHP-based-Tax-Invoice-Quotation-Proforma-QuickQuote-Purchase-invoice-management-System\app\Controllers\Proinv.php(106): view('layout/genproin...', Array)
#8 C:\WORK\BIITEEK\Projects\Forked\Codeignitor-PHP-based-Tax-Invoice-Quotation-Proforma-QuickQuote-Purchase-invoice-management-System\system\CodeIgniter.php(936): App\Controllers\Proinv->genproinv()
#9 C:\WORK\BIITEEK\Projects\Forked\Codeignitor-PHP-based-Tax-Invoice-Quotation-Proforma-QuickQuote-Purchase-invoice-management-System\system\CodeIgniter.php(432): CodeIgniter\CodeIgniter->runController(Object(App\Controllers\Proinv))
#10 C:\WORK\BIITEEK\Projects\Forked\Codeignitor-PHP-based-Tax-Invoice-Quotation-Proforma-QuickQuote-Purchase-invoice-management-System\system\CodeIgniter.php(333): CodeIgniter\CodeIgniter->handleRequest(NULL, Object(Config\Cache), false)
#11 C:\WORK\BIITEEK\Projects\Forked\Codeignitor-PHP-based-Tax-Invoice-Quotation-Proforma-QuickQuote-Purchase-invoice-management-System\index.php(44): CodeIgniter\CodeIgniter->run()
#12 {main}
CRITICAL - 2025-09-02 12:34:38 --> Call to undefined function safe_esc()
#0 C:\WORK\BIITEEK\Projects\Forked\Codeignitor-PHP-based-Tax-Invoice-Quotation-Proforma-QuickQuote-Purchase-invoice-management-System\system\View\View.php(220): include()
#1 C:\WORK\BIITEEK\Projects\Forked\Codeignitor-PHP-based-Tax-Invoice-Quotation-Proforma-QuickQuote-Purchase-invoice-management-System\system\View\View.php(222): CodeIgniter\View\View->CodeIgniter\View\{closure}()
#2 C:\WORK\BIITEEK\Projects\Forked\Codeignitor-PHP-based-Tax-Invoice-Quotation-Proforma-QuickQuote-Purchase-invoice-management-System\system\View\View.php(468): CodeIgniter\View\View->render('Include/header....', NULL, true)
#3 C:\WORK\BIITEEK\Projects\Forked\Codeignitor-PHP-based-Tax-Invoice-Quotation-Proforma-QuickQuote-Purchase-invoice-management-System\app\Views\list layout\proinvlist.php(23): CodeIgniter\View\View->include('Include/header....')
#4 C:\WORK\BIITEEK\Projects\Forked\Codeignitor-PHP-based-Tax-Invoice-Quotation-Proforma-QuickQuote-Purchase-invoice-management-System\system\View\View.php(220): include('C:\\WORK\\BIITEEK...')
#5 C:\WORK\BIITEEK\Projects\Forked\Codeignitor-PHP-based-Tax-Invoice-Quotation-Proforma-QuickQuote-Purchase-invoice-management-System\system\View\View.php(222): CodeIgniter\View\View->CodeIgniter\View\{closure}()
#6 C:\WORK\BIITEEK\Projects\Forked\Codeignitor-PHP-based-Tax-Invoice-Quotation-Proforma-QuickQuote-Purchase-invoice-management-System\system\Common.php(1217): CodeIgniter\View\View->render('list layout/pro...', Array, true)
#7 C:\WORK\BIITEEK\Projects\Forked\Codeignitor-PHP-based-Tax-Invoice-Quotation-Proforma-QuickQuote-Purchase-invoice-management-System\app\Controllers\Proinv.php(732): view('list layout/pro...', Array)
#8 C:\WORK\BIITEEK\Projects\Forked\Codeignitor-PHP-based-Tax-Invoice-Quotation-Proforma-QuickQuote-Purchase-invoice-management-System\system\CodeIgniter.php(936): App\Controllers\Proinv->showprodata()
#9 C:\WORK\BIITEEK\Projects\Forked\Codeignitor-PHP-based-Tax-Invoice-Quotation-Proforma-QuickQuote-Purchase-invoice-management-System\system\CodeIgniter.php(432): CodeIgniter\CodeIgniter->runController(Object(App\Controllers\Proinv))
#10 C:\WORK\BIITEEK\Projects\Forked\Codeignitor-PHP-based-Tax-Invoice-Quotation-Proforma-QuickQuote-Purchase-invoice-management-System\system\CodeIgniter.php(333): CodeIgniter\CodeIgniter->handleRequest(NULL, Object(Config\Cache), false)
#11 C:\WORK\BIITEEK\Projects\Forked\Codeignitor-PHP-based-Tax-Invoice-Quotation-Proforma-QuickQuote-Purchase-invoice-management-System\index.php(44): CodeIgniter\CodeIgniter->run()
#12 {main}
