INFO - 2025-08-29 00:29:28 --> Session: Class initialized using 'CodeIgniter\Session\Handlers\FileHandler' driver.
INFO - 2025-08-29 00:31:07 --> Session: Class initialized using 'CodeIgniter\Session\Handlers\FileHandler' driver.
INFO - 2025-08-29 00:34:01 --> Session: Class initialized using 'CodeIgniter\Session\Handlers\FileHandler' driver.
INFO - 2025-08-29 00:38:19 --> Session: Class initialized using 'CodeIgniter\Session\Handlers\FileHandler' driver.
INFO - 2025-08-29 00:38:33 --> Session: Class initialized using 'CodeIgniter\Session\Handlers\FileHandler' driver.
INFO - 2025-08-29 00:40:42 --> Session: Class initialized using 'CodeIgniter\Session\Handlers\FileHandler' driver.
INFO - 2025-08-29 00:40:59 --> Session: Class initialized using 'CodeIgniter\Session\Handlers\FileHandler' driver.
INFO - 2025-08-29 00:42:30 --> Session: Class initialized using 'CodeIgniter\Session\Handlers\FileHandler' driver.
INFO - 2025-08-29 00:43:38 --> Session: Class initialized using 'CodeIgniter\Session\Handlers\FileHandler' driver.
INFO - 2025-08-29 00:44:37 --> Session: Class initialized using 'CodeIgniter\Session\Handlers\FileHandler' driver.
INFO - 2025-08-29 00:45:18 --> Session: Class initialized using 'CodeIgniter\Session\Handlers\FileHandler' driver.
INFO - 2025-08-29 00:45:37 --> Session: Class initialized using 'CodeIgniter\Session\Handlers\FileHandler' driver.
INFO - 2025-08-29 00:54:37 --> Session: Class initialized using 'CodeIgniter\Session\Handlers\FileHandler' driver.
INFO - 2025-08-29 01:03:30 --> Session: Class initialized using 'CodeIgniter\Session\Handlers\FileHandler' driver.
INFO - 2025-08-29 01:06:50 --> Session: Class initialized using 'CodeIgniter\Session\Handlers\FileHandler' driver.
INFO - 2025-08-29 01:07:22 --> Session: Class initialized using 'CodeIgniter\Session\Handlers\FileHandler' driver.
INFO - 2025-08-29 01:07:33 --> Session: Class initialized using 'CodeIgniter\Session\Handlers\FileHandler' driver.
INFO - 2025-08-29 01:07:47 --> Session: Class initialized using 'CodeIgniter\Session\Handlers\FileHandler' driver.
INFO - 2025-08-29 01:08:18 --> Session: Class initialized using 'CodeIgniter\Session\Handlers\FileHandler' driver.
INFO - 2025-08-29 01:09:01 --> Session: Class initialized using 'CodeIgniter\Session\Handlers\FileHandler' driver.
INFO - 2025-08-29 01:14:05 --> Session: Class initialized using 'CodeIgniter\Session\Handlers\FileHandler' driver.
INFO - 2025-08-29 01:15:09 --> Session: Class initialized using 'CodeIgniter\Session\Handlers\FileHandler' driver.
INFO - 2025-08-29 01:16:21 --> Session: Class initialized using 'CodeIgniter\Session\Handlers\FileHandler' driver.
INFO - 2025-08-29 01:17:48 --> Session: Class initialized using 'CodeIgniter\Session\Handlers\FileHandler' driver.
INFO - 2025-08-29 01:18:43 --> Session: Class initialized using 'CodeIgniter\Session\Handlers\FileHandler' driver.
INFO - 2025-08-29 01:19:49 --> Session: Class initialized using 'CodeIgniter\Session\Handlers\FileHandler' driver.
INFO - 2025-08-29 01:20:12 --> Session: Class initialized using 'CodeIgniter\Session\Handlers\FileHandler' driver.
INFO - 2025-08-29 01:21:00 --> Session: Class initialized using 'CodeIgniter\Session\Handlers\FileHandler' driver.
INFO - 2025-08-29 01:24:06 --> Session: Class initialized using 'CodeIgniter\Session\Handlers\FileHandler' driver.
INFO - 2025-08-29 01:24:27 --> Session: Class initialized using 'CodeIgniter\Session\Handlers\FileHandler' driver.
INFO - 2025-08-29 01:25:51 --> Session: Class initialized using 'CodeIgniter\Session\Handlers\FileHandler' driver.
INFO - 2025-08-29 01:27:30 --> Session: Class initialized using 'CodeIgniter\Session\Handlers\FileHandler' driver.
INFO - 2025-08-29 01:28:35 --> Session: Class initialized using 'CodeIgniter\Session\Handlers\FileHandler' driver.
INFO - 2025-08-29 01:29:38 --> Session: Class initialized using 'CodeIgniter\Session\Handlers\FileHandler' driver.
INFO - 2025-08-29 01:29:58 --> Session: Class initialized using 'CodeIgniter\Session\Handlers\FileHandler' driver.
INFO - 2025-08-29 01:34:55 --> Session: Class initialized using 'CodeIgniter\Session\Handlers\FileHandler' driver.
INFO - 2025-08-29 09:57:14 --> Session: Class initialized using 'CodeIgniter\Session\Handlers\FileHandler' driver.
INFO - 2025-08-29 10:46:48 --> Session: Class initialized using 'CodeIgniter\Session\Handlers\FileHandler' driver.
INFO - 2025-08-29 10:47:01 --> Session: Class initialized using 'CodeIgniter\Session\Handlers\FileHandler' driver.
INFO - 2025-08-29 10:47:22 --> Session: Class initialized using 'CodeIgniter\Session\Handlers\FileHandler' driver.
INFO - 2025-08-29 10:47:28 --> Session: Class initialized using 'CodeIgniter\Session\Handlers\FileHandler' driver.
INFO - 2025-08-29 10:48:14 --> Session: Class initialized using 'CodeIgniter\Session\Handlers\FileHandler' driver.
INFO - 2025-08-29 10:48:47 --> Session: Class initialized using 'CodeIgniter\Session\Handlers\FileHandler' driver.
INFO - 2025-08-29 10:48:56 --> Session: Class initialized using 'CodeIgniter\Session\Handlers\FileHandler' driver.
INFO - 2025-08-29 10:49:04 --> Session: Class initialized using 'CodeIgniter\Session\Handlers\FileHandler' driver.
ERROR - 2025-08-29 10:49:04 --> mysqli_sql_exception: Unknown column 'bank_id' in 'field list' in C:\WORK\BIITEEK\Projects\Forked\Codeignitor-PHP-based-Tax-Invoice-Quotation-Proforma-QuickQuote-Purchase-invoice-management-System\system\Database\MySQLi\Connection.php:314
Stack trace:
#0 C:\WORK\BIITEEK\Projects\Forked\Codeignitor-PHP-based-Tax-Invoice-Quotation-Proforma-QuickQuote-Purchase-invoice-management-System\system\Database\MySQLi\Connection.php(314): mysqli->query('INSERT INTO `pr...')
#1 C:\WORK\BIITEEK\Projects\Forked\Codeignitor-PHP-based-Tax-Invoice-Quotation-Proforma-QuickQuote-Purchase-invoice-management-System\system\Database\BaseConnection.php(713): CodeIgniter\Database\MySQLi\Connection->execute('INSERT INTO `pr...')
#2 C:\WORK\BIITEEK\Projects\Forked\Codeignitor-PHP-based-Tax-Invoice-Quotation-Proforma-QuickQuote-Purchase-invoice-management-System\system\Database\BaseConnection.php(641): CodeIgniter\Database\BaseConnection->simpleQuery('INSERT INTO `pr...')
#3 C:\WORK\BIITEEK\Projects\Forked\Codeignitor-PHP-based-Tax-Invoice-Quotation-Proforma-QuickQuote-Purchase-invoice-management-System\system\Database\BaseBuilder.php(2107): CodeIgniter\Database\BaseConnection->query('INSERT INTO `pr...', Array, false)
#4 C:\WORK\BIITEEK\Projects\Forked\Codeignitor-PHP-based-Tax-Invoice-Quotation-Proforma-QuickQuote-Purchase-invoice-management-System\system\Model.php(323): CodeIgniter\Database\BaseBuilder->insertBatch(Array, NULL, 100)
#5 C:\WORK\BIITEEK\Projects\Forked\Codeignitor-PHP-based-Tax-Invoice-Quotation-Proforma-QuickQuote-Purchase-invoice-management-System\system\BaseModel.php(843): CodeIgniter\Model->doInsertBatch(Array, NULL, 100, false)
#6 C:\WORK\BIITEEK\Projects\Forked\Codeignitor-PHP-based-Tax-Invoice-Quotation-Proforma-QuickQuote-Purchase-invoice-management-System\app\Controllers\Proinv.php(788): CodeIgniter\BaseModel->insertBatch(Array)
#7 C:\WORK\BIITEEK\Projects\Forked\Codeignitor-PHP-based-Tax-Invoice-Quotation-Proforma-QuickQuote-Purchase-invoice-management-System\system\CodeIgniter.php(936): App\Controllers\Proinv->insert()
#8 C:\WORK\BIITEEK\Projects\Forked\Codeignitor-PHP-based-Tax-Invoice-Quotation-Proforma-QuickQuote-Purchase-invoice-management-System\system\CodeIgniter.php(432): CodeIgniter\CodeIgniter->runController(Object(App\Controllers\Proinv))
#9 C:\WORK\BIITEEK\Projects\Forked\Codeignitor-PHP-based-Tax-Invoice-Quotation-Proforma-QuickQuote-Purchase-invoice-management-System\system\CodeIgniter.php(333): CodeIgniter\CodeIgniter->handleRequest(NULL, Object(Config\Cache), false)
#10 C:\WORK\BIITEEK\Projects\Forked\Codeignitor-PHP-based-Tax-Invoice-Quotation-Proforma-QuickQuote-Purchase-invoice-management-System\index.php(44): CodeIgniter\CodeIgniter->run()
#11 C:\WORK\BIITEEK\Projects\Forked\Codeignitor-PHP-based-Tax-Invoice-Quotation-Proforma-QuickQuote-Purchase-invoice-management-System\router.php(50): require_once('C:\\WORK\\BIITEEK...')
#12 {main}
CRITICAL - 2025-08-29 10:49:04 --> Unknown column 'bank_id' in 'field list'
#0 C:\WORK\BIITEEK\Projects\Forked\Codeignitor-PHP-based-Tax-Invoice-Quotation-Proforma-QuickQuote-Purchase-invoice-management-System\system\Database\MySQLi\Connection.php(314): mysqli->query('INSERT INTO `pr...')
#1 C:\WORK\BIITEEK\Projects\Forked\Codeignitor-PHP-based-Tax-Invoice-Quotation-Proforma-QuickQuote-Purchase-invoice-management-System\system\Database\BaseConnection.php(713): CodeIgniter\Database\MySQLi\Connection->execute('INSERT INTO `pr...')
#2 C:\WORK\BIITEEK\Projects\Forked\Codeignitor-PHP-based-Tax-Invoice-Quotation-Proforma-QuickQuote-Purchase-invoice-management-System\system\Database\BaseConnection.php(641): CodeIgniter\Database\BaseConnection->simpleQuery('INSERT INTO `pr...')
#3 C:\WORK\BIITEEK\Projects\Forked\Codeignitor-PHP-based-Tax-Invoice-Quotation-Proforma-QuickQuote-Purchase-invoice-management-System\system\Database\BaseBuilder.php(2107): CodeIgniter\Database\BaseConnection->query('INSERT INTO `pr...', Array, false)
#4 C:\WORK\BIITEEK\Projects\Forked\Codeignitor-PHP-based-Tax-Invoice-Quotation-Proforma-QuickQuote-Purchase-invoice-management-System\system\Model.php(323): CodeIgniter\Database\BaseBuilder->insertBatch(Array, NULL, 100)
#5 C:\WORK\BIITEEK\Projects\Forked\Codeignitor-PHP-based-Tax-Invoice-Quotation-Proforma-QuickQuote-Purchase-invoice-management-System\system\BaseModel.php(843): CodeIgniter\Model->doInsertBatch(Array, NULL, 100, false)
#6 C:\WORK\BIITEEK\Projects\Forked\Codeignitor-PHP-based-Tax-Invoice-Quotation-Proforma-QuickQuote-Purchase-invoice-management-System\app\Controllers\Proinv.php(788): CodeIgniter\BaseModel->insertBatch(Array)
#7 C:\WORK\BIITEEK\Projects\Forked\Codeignitor-PHP-based-Tax-Invoice-Quotation-Proforma-QuickQuote-Purchase-invoice-management-System\system\CodeIgniter.php(936): App\Controllers\Proinv->insert()
#8 C:\WORK\BIITEEK\Projects\Forked\Codeignitor-PHP-based-Tax-Invoice-Quotation-Proforma-QuickQuote-Purchase-invoice-management-System\system\CodeIgniter.php(432): CodeIgniter\CodeIgniter->runController(Object(App\Controllers\Proinv))
#9 C:\WORK\BIITEEK\Projects\Forked\Codeignitor-PHP-based-Tax-Invoice-Quotation-Proforma-QuickQuote-Purchase-invoice-management-System\system\CodeIgniter.php(333): CodeIgniter\CodeIgniter->handleRequest(NULL, Object(Config\Cache), false)
#10 C:\WORK\BIITEEK\Projects\Forked\Codeignitor-PHP-based-Tax-Invoice-Quotation-Proforma-QuickQuote-Purchase-invoice-management-System\index.php(44): CodeIgniter\CodeIgniter->run()
#11 C:\WORK\BIITEEK\Projects\Forked\Codeignitor-PHP-based-Tax-Invoice-Quotation-Proforma-QuickQuote-Purchase-invoice-management-System\router.php(50): require_once('C:\\WORK\\BIITEEK...')
#12 {main}
INFO - 2025-08-29 10:49:13 --> Session: Class initialized using 'CodeIgniter\Session\Handlers\FileHandler' driver.
INFO - 2025-08-29 10:49:18 --> Session: Class initialized using 'CodeIgniter\Session\Handlers\FileHandler' driver.
ERROR - 2025-08-29 10:49:18 --> mysqli_sql_exception: Unknown column 'bank_id' in 'field list' in C:\WORK\BIITEEK\Projects\Forked\Codeignitor-PHP-based-Tax-Invoice-Quotation-Proforma-QuickQuote-Purchase-invoice-management-System\system\Database\MySQLi\Connection.php:314
Stack trace:
#0 C:\WORK\BIITEEK\Projects\Forked\Codeignitor-PHP-based-Tax-Invoice-Quotation-Proforma-QuickQuote-Purchase-invoice-management-System\system\Database\MySQLi\Connection.php(314): mysqli->query('INSERT INTO `pr...')
#1 C:\WORK\BIITEEK\Projects\Forked\Codeignitor-PHP-based-Tax-Invoice-Quotation-Proforma-QuickQuote-Purchase-invoice-management-System\system\Database\BaseConnection.php(713): CodeIgniter\Database\MySQLi\Connection->execute('INSERT INTO `pr...')
#2 C:\WORK\BIITEEK\Projects\Forked\Codeignitor-PHP-based-Tax-Invoice-Quotation-Proforma-QuickQuote-Purchase-invoice-management-System\system\Database\BaseConnection.php(641): CodeIgniter\Database\BaseConnection->simpleQuery('INSERT INTO `pr...')
#3 C:\WORK\BIITEEK\Projects\Forked\Codeignitor-PHP-based-Tax-Invoice-Quotation-Proforma-QuickQuote-Purchase-invoice-management-System\system\Database\BaseBuilder.php(2107): CodeIgniter\Database\BaseConnection->query('INSERT INTO `pr...', Array, false)
#4 C:\WORK\BIITEEK\Projects\Forked\Codeignitor-PHP-based-Tax-Invoice-Quotation-Proforma-QuickQuote-Purchase-invoice-management-System\system\Model.php(323): CodeIgniter\Database\BaseBuilder->insertBatch(Array, NULL, 100)
#5 C:\WORK\BIITEEK\Projects\Forked\Codeignitor-PHP-based-Tax-Invoice-Quotation-Proforma-QuickQuote-Purchase-invoice-management-System\system\BaseModel.php(843): CodeIgniter\Model->doInsertBatch(Array, NULL, 100, false)
#6 C:\WORK\BIITEEK\Projects\Forked\Codeignitor-PHP-based-Tax-Invoice-Quotation-Proforma-QuickQuote-Purchase-invoice-management-System\app\Controllers\Proinv.php(788): CodeIgniter\BaseModel->insertBatch(Array)
#7 C:\WORK\BIITEEK\Projects\Forked\Codeignitor-PHP-based-Tax-Invoice-Quotation-Proforma-QuickQuote-Purchase-invoice-management-System\system\CodeIgniter.php(936): App\Controllers\Proinv->insert()
#8 C:\WORK\BIITEEK\Projects\Forked\Codeignitor-PHP-based-Tax-Invoice-Quotation-Proforma-QuickQuote-Purchase-invoice-management-System\system\CodeIgniter.php(432): CodeIgniter\CodeIgniter->runController(Object(App\Controllers\Proinv))
#9 C:\WORK\BIITEEK\Projects\Forked\Codeignitor-PHP-based-Tax-Invoice-Quotation-Proforma-QuickQuote-Purchase-invoice-management-System\system\CodeIgniter.php(333): CodeIgniter\CodeIgniter->handleRequest(NULL, Object(Config\Cache), false)
#10 C:\WORK\BIITEEK\Projects\Forked\Codeignitor-PHP-based-Tax-Invoice-Quotation-Proforma-QuickQuote-Purchase-invoice-management-System\index.php(44): CodeIgniter\CodeIgniter->run()
#11 C:\WORK\BIITEEK\Projects\Forked\Codeignitor-PHP-based-Tax-Invoice-Quotation-Proforma-QuickQuote-Purchase-invoice-management-System\router.php(50): require_once('C:\\WORK\\BIITEEK...')
#12 {main}
CRITICAL - 2025-08-29 10:49:18 --> Unknown column 'bank_id' in 'field list'
#0 C:\WORK\BIITEEK\Projects\Forked\Codeignitor-PHP-based-Tax-Invoice-Quotation-Proforma-QuickQuote-Purchase-invoice-management-System\system\Database\MySQLi\Connection.php(314): mysqli->query('INSERT INTO `pr...')
#1 C:\WORK\BIITEEK\Projects\Forked\Codeignitor-PHP-based-Tax-Invoice-Quotation-Proforma-QuickQuote-Purchase-invoice-management-System\system\Database\BaseConnection.php(713): CodeIgniter\Database\MySQLi\Connection->execute('INSERT INTO `pr...')
#2 C:\WORK\BIITEEK\Projects\Forked\Codeignitor-PHP-based-Tax-Invoice-Quotation-Proforma-QuickQuote-Purchase-invoice-management-System\system\Database\BaseConnection.php(641): CodeIgniter\Database\BaseConnection->simpleQuery('INSERT INTO `pr...')
#3 C:\WORK\BIITEEK\Projects\Forked\Codeignitor-PHP-based-Tax-Invoice-Quotation-Proforma-QuickQuote-Purchase-invoice-management-System\system\Database\BaseBuilder.php(2107): CodeIgniter\Database\BaseConnection->query('INSERT INTO `pr...', Array, false)
#4 C:\WORK\BIITEEK\Projects\Forked\Codeignitor-PHP-based-Tax-Invoice-Quotation-Proforma-QuickQuote-Purchase-invoice-management-System\system\Model.php(323): CodeIgniter\Database\BaseBuilder->insertBatch(Array, NULL, 100)
#5 C:\WORK\BIITEEK\Projects\Forked\Codeignitor-PHP-based-Tax-Invoice-Quotation-Proforma-QuickQuote-Purchase-invoice-management-System\system\BaseModel.php(843): CodeIgniter\Model->doInsertBatch(Array, NULL, 100, false)
#6 C:\WORK\BIITEEK\Projects\Forked\Codeignitor-PHP-based-Tax-Invoice-Quotation-Proforma-QuickQuote-Purchase-invoice-management-System\app\Controllers\Proinv.php(788): CodeIgniter\BaseModel->insertBatch(Array)
#7 C:\WORK\BIITEEK\Projects\Forked\Codeignitor-PHP-based-Tax-Invoice-Quotation-Proforma-QuickQuote-Purchase-invoice-management-System\system\CodeIgniter.php(936): App\Controllers\Proinv->insert()
#8 C:\WORK\BIITEEK\Projects\Forked\Codeignitor-PHP-based-Tax-Invoice-Quotation-Proforma-QuickQuote-Purchase-invoice-management-System\system\CodeIgniter.php(432): CodeIgniter\CodeIgniter->runController(Object(App\Controllers\Proinv))
#9 C:\WORK\BIITEEK\Projects\Forked\Codeignitor-PHP-based-Tax-Invoice-Quotation-Proforma-QuickQuote-Purchase-invoice-management-System\system\CodeIgniter.php(333): CodeIgniter\CodeIgniter->handleRequest(NULL, Object(Config\Cache), false)
#10 C:\WORK\BIITEEK\Projects\Forked\Codeignitor-PHP-based-Tax-Invoice-Quotation-Proforma-QuickQuote-Purchase-invoice-management-System\index.php(44): CodeIgniter\CodeIgniter->run()
#11 C:\WORK\BIITEEK\Projects\Forked\Codeignitor-PHP-based-Tax-Invoice-Quotation-Proforma-QuickQuote-Purchase-invoice-management-System\router.php(50): require_once('C:\\WORK\\BIITEEK...')
#12 {main}
INFO - 2025-08-29 10:49:30 --> Session: Class initialized using 'CodeIgniter\Session\Handlers\FileHandler' driver.
ERROR - 2025-08-29 10:49:30 --> mysqli_sql_exception: Unknown column 'bank_id' in 'field list' in C:\WORK\BIITEEK\Projects\Forked\Codeignitor-PHP-based-Tax-Invoice-Quotation-Proforma-QuickQuote-Purchase-invoice-management-System\system\Database\MySQLi\Connection.php:314
Stack trace:
#0 C:\WORK\BIITEEK\Projects\Forked\Codeignitor-PHP-based-Tax-Invoice-Quotation-Proforma-QuickQuote-Purchase-invoice-management-System\system\Database\MySQLi\Connection.php(314): mysqli->query('INSERT INTO `pr...')
#1 C:\WORK\BIITEEK\Projects\Forked\Codeignitor-PHP-based-Tax-Invoice-Quotation-Proforma-QuickQuote-Purchase-invoice-management-System\system\Database\BaseConnection.php(713): CodeIgniter\Database\MySQLi\Connection->execute('INSERT INTO `pr...')
#2 C:\WORK\BIITEEK\Projects\Forked\Codeignitor-PHP-based-Tax-Invoice-Quotation-Proforma-QuickQuote-Purchase-invoice-management-System\system\Database\BaseConnection.php(641): CodeIgniter\Database\BaseConnection->simpleQuery('INSERT INTO `pr...')
#3 C:\WORK\BIITEEK\Projects\Forked\Codeignitor-PHP-based-Tax-Invoice-Quotation-Proforma-QuickQuote-Purchase-invoice-management-System\system\Database\BaseBuilder.php(2107): CodeIgniter\Database\BaseConnection->query('INSERT INTO `pr...', Array, false)
#4 C:\WORK\BIITEEK\Projects\Forked\Codeignitor-PHP-based-Tax-Invoice-Quotation-Proforma-QuickQuote-Purchase-invoice-management-System\system\Model.php(323): CodeIgniter\Database\BaseBuilder->insertBatch(Array, NULL, 100)
#5 C:\WORK\BIITEEK\Projects\Forked\Codeignitor-PHP-based-Tax-Invoice-Quotation-Proforma-QuickQuote-Purchase-invoice-management-System\system\BaseModel.php(843): CodeIgniter\Model->doInsertBatch(Array, NULL, 100, false)
#6 C:\WORK\BIITEEK\Projects\Forked\Codeignitor-PHP-based-Tax-Invoice-Quotation-Proforma-QuickQuote-Purchase-invoice-management-System\app\Controllers\Proinv.php(788): CodeIgniter\BaseModel->insertBatch(Array)
#7 C:\WORK\BIITEEK\Projects\Forked\Codeignitor-PHP-based-Tax-Invoice-Quotation-Proforma-QuickQuote-Purchase-invoice-management-System\system\CodeIgniter.php(936): App\Controllers\Proinv->insert()
#8 C:\WORK\BIITEEK\Projects\Forked\Codeignitor-PHP-based-Tax-Invoice-Quotation-Proforma-QuickQuote-Purchase-invoice-management-System\system\CodeIgniter.php(432): CodeIgniter\CodeIgniter->runController(Object(App\Controllers\Proinv))
#9 C:\WORK\BIITEEK\Projects\Forked\Codeignitor-PHP-based-Tax-Invoice-Quotation-Proforma-QuickQuote-Purchase-invoice-management-System\system\CodeIgniter.php(333): CodeIgniter\CodeIgniter->handleRequest(NULL, Object(Config\Cache), false)
#10 C:\WORK\BIITEEK\Projects\Forked\Codeignitor-PHP-based-Tax-Invoice-Quotation-Proforma-QuickQuote-Purchase-invoice-management-System\index.php(44): CodeIgniter\CodeIgniter->run()
#11 C:\WORK\BIITEEK\Projects\Forked\Codeignitor-PHP-based-Tax-Invoice-Quotation-Proforma-QuickQuote-Purchase-invoice-management-System\router.php(50): require_once('C:\\WORK\\BIITEEK...')
#12 {main}
CRITICAL - 2025-08-29 10:49:30 --> Unknown column 'bank_id' in 'field list'
#0 C:\WORK\BIITEEK\Projects\Forked\Codeignitor-PHP-based-Tax-Invoice-Quotation-Proforma-QuickQuote-Purchase-invoice-management-System\system\Database\MySQLi\Connection.php(314): mysqli->query('INSERT INTO `pr...')
#1 C:\WORK\BIITEEK\Projects\Forked\Codeignitor-PHP-based-Tax-Invoice-Quotation-Proforma-QuickQuote-Purchase-invoice-management-System\system\Database\BaseConnection.php(713): CodeIgniter\Database\MySQLi\Connection->execute('INSERT INTO `pr...')
#2 C:\WORK\BIITEEK\Projects\Forked\Codeignitor-PHP-based-Tax-Invoice-Quotation-Proforma-QuickQuote-Purchase-invoice-management-System\system\Database\BaseConnection.php(641): CodeIgniter\Database\BaseConnection->simpleQuery('INSERT INTO `pr...')
#3 C:\WORK\BIITEEK\Projects\Forked\Codeignitor-PHP-based-Tax-Invoice-Quotation-Proforma-QuickQuote-Purchase-invoice-management-System\system\Database\BaseBuilder.php(2107): CodeIgniter\Database\BaseConnection->query('INSERT INTO `pr...', Array, false)
#4 C:\WORK\BIITEEK\Projects\Forked\Codeignitor-PHP-based-Tax-Invoice-Quotation-Proforma-QuickQuote-Purchase-invoice-management-System\system\Model.php(323): CodeIgniter\Database\BaseBuilder->insertBatch(Array, NULL, 100)
#5 C:\WORK\BIITEEK\Projects\Forked\Codeignitor-PHP-based-Tax-Invoice-Quotation-Proforma-QuickQuote-Purchase-invoice-management-System\system\BaseModel.php(843): CodeIgniter\Model->doInsertBatch(Array, NULL, 100, false)
#6 C:\WORK\BIITEEK\Projects\Forked\Codeignitor-PHP-based-Tax-Invoice-Quotation-Proforma-QuickQuote-Purchase-invoice-management-System\app\Controllers\Proinv.php(788): CodeIgniter\BaseModel->insertBatch(Array)
#7 C:\WORK\BIITEEK\Projects\Forked\Codeignitor-PHP-based-Tax-Invoice-Quotation-Proforma-QuickQuote-Purchase-invoice-management-System\system\CodeIgniter.php(936): App\Controllers\Proinv->insert()
#8 C:\WORK\BIITEEK\Projects\Forked\Codeignitor-PHP-based-Tax-Invoice-Quotation-Proforma-QuickQuote-Purchase-invoice-management-System\system\CodeIgniter.php(432): CodeIgniter\CodeIgniter->runController(Object(App\Controllers\Proinv))
#9 C:\WORK\BIITEEK\Projects\Forked\Codeignitor-PHP-based-Tax-Invoice-Quotation-Proforma-QuickQuote-Purchase-invoice-management-System\system\CodeIgniter.php(333): CodeIgniter\CodeIgniter->handleRequest(NULL, Object(Config\Cache), false)
#10 C:\WORK\BIITEEK\Projects\Forked\Codeignitor-PHP-based-Tax-Invoice-Quotation-Proforma-QuickQuote-Purchase-invoice-management-System\index.php(44): CodeIgniter\CodeIgniter->run()
#11 C:\WORK\BIITEEK\Projects\Forked\Codeignitor-PHP-based-Tax-Invoice-Quotation-Proforma-QuickQuote-Purchase-invoice-management-System\router.php(50): require_once('C:\\WORK\\BIITEEK...')
#12 {main}
INFO - 2025-08-29 10:49:30 --> Session: Class initialized using 'CodeIgniter\Session\Handlers\FileHandler' driver.
ERROR - 2025-08-29 10:49:30 --> mysqli_sql_exception: Unknown column 'bank_id' in 'field list' in C:\WORK\BIITEEK\Projects\Forked\Codeignitor-PHP-based-Tax-Invoice-Quotation-Proforma-QuickQuote-Purchase-invoice-management-System\system\Database\MySQLi\Connection.php:314
Stack trace:
#0 C:\WORK\BIITEEK\Projects\Forked\Codeignitor-PHP-based-Tax-Invoice-Quotation-Proforma-QuickQuote-Purchase-invoice-management-System\system\Database\MySQLi\Connection.php(314): mysqli->query('INSERT INTO `pr...')
#1 C:\WORK\BIITEEK\Projects\Forked\Codeignitor-PHP-based-Tax-Invoice-Quotation-Proforma-QuickQuote-Purchase-invoice-management-System\system\Database\BaseConnection.php(713): CodeIgniter\Database\MySQLi\Connection->execute('INSERT INTO `pr...')
#2 C:\WORK\BIITEEK\Projects\Forked\Codeignitor-PHP-based-Tax-Invoice-Quotation-Proforma-QuickQuote-Purchase-invoice-management-System\system\Database\BaseConnection.php(641): CodeIgniter\Database\BaseConnection->simpleQuery('INSERT INTO `pr...')
#3 C:\WORK\BIITEEK\Projects\Forked\Codeignitor-PHP-based-Tax-Invoice-Quotation-Proforma-QuickQuote-Purchase-invoice-management-System\system\Database\BaseBuilder.php(2107): CodeIgniter\Database\BaseConnection->query('INSERT INTO `pr...', Array, false)
#4 C:\WORK\BIITEEK\Projects\Forked\Codeignitor-PHP-based-Tax-Invoice-Quotation-Proforma-QuickQuote-Purchase-invoice-management-System\system\Model.php(323): CodeIgniter\Database\BaseBuilder->insertBatch(Array, NULL, 100)
#5 C:\WORK\BIITEEK\Projects\Forked\Codeignitor-PHP-based-Tax-Invoice-Quotation-Proforma-QuickQuote-Purchase-invoice-management-System\system\BaseModel.php(843): CodeIgniter\Model->doInsertBatch(Array, NULL, 100, false)
#6 C:\WORK\BIITEEK\Projects\Forked\Codeignitor-PHP-based-Tax-Invoice-Quotation-Proforma-QuickQuote-Purchase-invoice-management-System\app\Controllers\Proinv.php(788): CodeIgniter\BaseModel->insertBatch(Array)
#7 C:\WORK\BIITEEK\Projects\Forked\Codeignitor-PHP-based-Tax-Invoice-Quotation-Proforma-QuickQuote-Purchase-invoice-management-System\system\CodeIgniter.php(936): App\Controllers\Proinv->insert()
#8 C:\WORK\BIITEEK\Projects\Forked\Codeignitor-PHP-based-Tax-Invoice-Quotation-Proforma-QuickQuote-Purchase-invoice-management-System\system\CodeIgniter.php(432): CodeIgniter\CodeIgniter->runController(Object(App\Controllers\Proinv))
#9 C:\WORK\BIITEEK\Projects\Forked\Codeignitor-PHP-based-Tax-Invoice-Quotation-Proforma-QuickQuote-Purchase-invoice-management-System\system\CodeIgniter.php(333): CodeIgniter\CodeIgniter->handleRequest(NULL, Object(Config\Cache), false)
#10 C:\WORK\BIITEEK\Projects\Forked\Codeignitor-PHP-based-Tax-Invoice-Quotation-Proforma-QuickQuote-Purchase-invoice-management-System\index.php(44): CodeIgniter\CodeIgniter->run()
#11 C:\WORK\BIITEEK\Projects\Forked\Codeignitor-PHP-based-Tax-Invoice-Quotation-Proforma-QuickQuote-Purchase-invoice-management-System\router.php(50): require_once('C:\\WORK\\BIITEEK...')
#12 {main}
CRITICAL - 2025-08-29 10:49:30 --> Unknown column 'bank_id' in 'field list'
#0 C:\WORK\BIITEEK\Projects\Forked\Codeignitor-PHP-based-Tax-Invoice-Quotation-Proforma-QuickQuote-Purchase-invoice-management-System\system\Database\MySQLi\Connection.php(314): mysqli->query('INSERT INTO `pr...')
#1 C:\WORK\BIITEEK\Projects\Forked\Codeignitor-PHP-based-Tax-Invoice-Quotation-Proforma-QuickQuote-Purchase-invoice-management-System\system\Database\BaseConnection.php(713): CodeIgniter\Database\MySQLi\Connection->execute('INSERT INTO `pr...')
#2 C:\WORK\BIITEEK\Projects\Forked\Codeignitor-PHP-based-Tax-Invoice-Quotation-Proforma-QuickQuote-Purchase-invoice-management-System\system\Database\BaseConnection.php(641): CodeIgniter\Database\BaseConnection->simpleQuery('INSERT INTO `pr...')
#3 C:\WORK\BIITEEK\Projects\Forked\Codeignitor-PHP-based-Tax-Invoice-Quotation-Proforma-QuickQuote-Purchase-invoice-management-System\system\Database\BaseBuilder.php(2107): CodeIgniter\Database\BaseConnection->query('INSERT INTO `pr...', Array, false)
#4 C:\WORK\BIITEEK\Projects\Forked\Codeignitor-PHP-based-Tax-Invoice-Quotation-Proforma-QuickQuote-Purchase-invoice-management-System\system\Model.php(323): CodeIgniter\Database\BaseBuilder->insertBatch(Array, NULL, 100)
#5 C:\WORK\BIITEEK\Projects\Forked\Codeignitor-PHP-based-Tax-Invoice-Quotation-Proforma-QuickQuote-Purchase-invoice-management-System\system\BaseModel.php(843): CodeIgniter\Model->doInsertBatch(Array, NULL, 100, false)
#6 C:\WORK\BIITEEK\Projects\Forked\Codeignitor-PHP-based-Tax-Invoice-Quotation-Proforma-QuickQuote-Purchase-invoice-management-System\app\Controllers\Proinv.php(788): CodeIgniter\BaseModel->insertBatch(Array)
#7 C:\WORK\BIITEEK\Projects\Forked\Codeignitor-PHP-based-Tax-Invoice-Quotation-Proforma-QuickQuote-Purchase-invoice-management-System\system\CodeIgniter.php(936): App\Controllers\Proinv->insert()
#8 C:\WORK\BIITEEK\Projects\Forked\Codeignitor-PHP-based-Tax-Invoice-Quotation-Proforma-QuickQuote-Purchase-invoice-management-System\system\CodeIgniter.php(432): CodeIgniter\CodeIgniter->runController(Object(App\Controllers\Proinv))
#9 C:\WORK\BIITEEK\Projects\Forked\Codeignitor-PHP-based-Tax-Invoice-Quotation-Proforma-QuickQuote-Purchase-invoice-management-System\system\CodeIgniter.php(333): CodeIgniter\CodeIgniter->handleRequest(NULL, Object(Config\Cache), false)
#10 C:\WORK\BIITEEK\Projects\Forked\Codeignitor-PHP-based-Tax-Invoice-Quotation-Proforma-QuickQuote-Purchase-invoice-management-System\index.php(44): CodeIgniter\CodeIgniter->run()
#11 C:\WORK\BIITEEK\Projects\Forked\Codeignitor-PHP-based-Tax-Invoice-Quotation-Proforma-QuickQuote-Purchase-invoice-management-System\router.php(50): require_once('C:\\WORK\\BIITEEK...')
#12 {main}
INFO - 2025-08-29 10:49:53 --> Session: Class initialized using 'CodeIgniter\Session\Handlers\FileHandler' driver.
ERROR - 2025-08-29 10:49:53 --> mysqli_sql_exception: Unknown column 'bank_id' in 'field list' in C:\WORK\BIITEEK\Projects\Forked\Codeignitor-PHP-based-Tax-Invoice-Quotation-Proforma-QuickQuote-Purchase-invoice-management-System\system\Database\MySQLi\Connection.php:314
Stack trace:
#0 C:\WORK\BIITEEK\Projects\Forked\Codeignitor-PHP-based-Tax-Invoice-Quotation-Proforma-QuickQuote-Purchase-invoice-management-System\system\Database\MySQLi\Connection.php(314): mysqli->query('INSERT INTO `pr...')
#1 C:\WORK\BIITEEK\Projects\Forked\Codeignitor-PHP-based-Tax-Invoice-Quotation-Proforma-QuickQuote-Purchase-invoice-management-System\system\Database\BaseConnection.php(713): CodeIgniter\Database\MySQLi\Connection->execute('INSERT INTO `pr...')
#2 C:\WORK\BIITEEK\Projects\Forked\Codeignitor-PHP-based-Tax-Invoice-Quotation-Proforma-QuickQuote-Purchase-invoice-management-System\system\Database\BaseConnection.php(641): CodeIgniter\Database\BaseConnection->simpleQuery('INSERT INTO `pr...')
#3 C:\WORK\BIITEEK\Projects\Forked\Codeignitor-PHP-based-Tax-Invoice-Quotation-Proforma-QuickQuote-Purchase-invoice-management-System\system\Database\BaseBuilder.php(2107): CodeIgniter\Database\BaseConnection->query('INSERT INTO `pr...', Array, false)
#4 C:\WORK\BIITEEK\Projects\Forked\Codeignitor-PHP-based-Tax-Invoice-Quotation-Proforma-QuickQuote-Purchase-invoice-management-System\system\Model.php(323): CodeIgniter\Database\BaseBuilder->insertBatch(Array, NULL, 100)
#5 C:\WORK\BIITEEK\Projects\Forked\Codeignitor-PHP-based-Tax-Invoice-Quotation-Proforma-QuickQuote-Purchase-invoice-management-System\system\BaseModel.php(843): CodeIgniter\Model->doInsertBatch(Array, NULL, 100, false)
#6 C:\WORK\BIITEEK\Projects\Forked\Codeignitor-PHP-based-Tax-Invoice-Quotation-Proforma-QuickQuote-Purchase-invoice-management-System\app\Controllers\Proinv.php(788): CodeIgniter\BaseModel->insertBatch(Array)
#7 C:\WORK\BIITEEK\Projects\Forked\Codeignitor-PHP-based-Tax-Invoice-Quotation-Proforma-QuickQuote-Purchase-invoice-management-System\system\CodeIgniter.php(936): App\Controllers\Proinv->insert()
#8 C:\WORK\BIITEEK\Projects\Forked\Codeignitor-PHP-based-Tax-Invoice-Quotation-Proforma-QuickQuote-Purchase-invoice-management-System\system\CodeIgniter.php(432): CodeIgniter\CodeIgniter->runController(Object(App\Controllers\Proinv))
#9 C:\WORK\BIITEEK\Projects\Forked\Codeignitor-PHP-based-Tax-Invoice-Quotation-Proforma-QuickQuote-Purchase-invoice-management-System\system\CodeIgniter.php(333): CodeIgniter\CodeIgniter->handleRequest(NULL, Object(Config\Cache), false)
#10 C:\WORK\BIITEEK\Projects\Forked\Codeignitor-PHP-based-Tax-Invoice-Quotation-Proforma-QuickQuote-Purchase-invoice-management-System\index.php(44): CodeIgniter\CodeIgniter->run()
#11 C:\WORK\BIITEEK\Projects\Forked\Codeignitor-PHP-based-Tax-Invoice-Quotation-Proforma-QuickQuote-Purchase-invoice-management-System\router.php(50): require_once('C:\\WORK\\BIITEEK...')
#12 {main}
CRITICAL - 2025-08-29 10:49:53 --> Unknown column 'bank_id' in 'field list'
#0 C:\WORK\BIITEEK\Projects\Forked\Codeignitor-PHP-based-Tax-Invoice-Quotation-Proforma-QuickQuote-Purchase-invoice-management-System\system\Database\MySQLi\Connection.php(314): mysqli->query('INSERT INTO `pr...')
#1 C:\WORK\BIITEEK\Projects\Forked\Codeignitor-PHP-based-Tax-Invoice-Quotation-Proforma-QuickQuote-Purchase-invoice-management-System\system\Database\BaseConnection.php(713): CodeIgniter\Database\MySQLi\Connection->execute('INSERT INTO `pr...')
#2 C:\WORK\BIITEEK\Projects\Forked\Codeignitor-PHP-based-Tax-Invoice-Quotation-Proforma-QuickQuote-Purchase-invoice-management-System\system\Database\BaseConnection.php(641): CodeIgniter\Database\BaseConnection->simpleQuery('INSERT INTO `pr...')
#3 C:\WORK\BIITEEK\Projects\Forked\Codeignitor-PHP-based-Tax-Invoice-Quotation-Proforma-QuickQuote-Purchase-invoice-management-System\system\Database\BaseBuilder.php(2107): CodeIgniter\Database\BaseConnection->query('INSERT INTO `pr...', Array, false)
#4 C:\WORK\BIITEEK\Projects\Forked\Codeignitor-PHP-based-Tax-Invoice-Quotation-Proforma-QuickQuote-Purchase-invoice-management-System\system\Model.php(323): CodeIgniter\Database\BaseBuilder->insertBatch(Array, NULL, 100)
#5 C:\WORK\BIITEEK\Projects\Forked\Codeignitor-PHP-based-Tax-Invoice-Quotation-Proforma-QuickQuote-Purchase-invoice-management-System\system\BaseModel.php(843): CodeIgniter\Model->doInsertBatch(Array, NULL, 100, false)
#6 C:\WORK\BIITEEK\Projects\Forked\Codeignitor-PHP-based-Tax-Invoice-Quotation-Proforma-QuickQuote-Purchase-invoice-management-System\app\Controllers\Proinv.php(788): CodeIgniter\BaseModel->insertBatch(Array)
#7 C:\WORK\BIITEEK\Projects\Forked\Codeignitor-PHP-based-Tax-Invoice-Quotation-Proforma-QuickQuote-Purchase-invoice-management-System\system\CodeIgniter.php(936): App\Controllers\Proinv->insert()
#8 C:\WORK\BIITEEK\Projects\Forked\Codeignitor-PHP-based-Tax-Invoice-Quotation-Proforma-QuickQuote-Purchase-invoice-management-System\system\CodeIgniter.php(432): CodeIgniter\CodeIgniter->runController(Object(App\Controllers\Proinv))
#9 C:\WORK\BIITEEK\Projects\Forked\Codeignitor-PHP-based-Tax-Invoice-Quotation-Proforma-QuickQuote-Purchase-invoice-management-System\system\CodeIgniter.php(333): CodeIgniter\CodeIgniter->handleRequest(NULL, Object(Config\Cache), false)
#10 C:\WORK\BIITEEK\Projects\Forked\Codeignitor-PHP-based-Tax-Invoice-Quotation-Proforma-QuickQuote-Purchase-invoice-management-System\index.php(44): CodeIgniter\CodeIgniter->run()
#11 C:\WORK\BIITEEK\Projects\Forked\Codeignitor-PHP-based-Tax-Invoice-Quotation-Proforma-QuickQuote-Purchase-invoice-management-System\router.php(50): require_once('C:\\WORK\\BIITEEK...')
#12 {main}
INFO - 2025-08-29 10:50:10 --> Session: Class initialized using 'CodeIgniter\Session\Handlers\FileHandler' driver.
ERROR - 2025-08-29 10:50:10 --> mysqli_sql_exception: Unknown column 'bank_id' in 'field list' in C:\WORK\BIITEEK\Projects\Forked\Codeignitor-PHP-based-Tax-Invoice-Quotation-Proforma-QuickQuote-Purchase-invoice-management-System\system\Database\MySQLi\Connection.php:314
Stack trace:
#0 C:\WORK\BIITEEK\Projects\Forked\Codeignitor-PHP-based-Tax-Invoice-Quotation-Proforma-QuickQuote-Purchase-invoice-management-System\system\Database\MySQLi\Connection.php(314): mysqli->query('INSERT INTO `pr...')
#1 C:\WORK\BIITEEK\Projects\Forked\Codeignitor-PHP-based-Tax-Invoice-Quotation-Proforma-QuickQuote-Purchase-invoice-management-System\system\Database\BaseConnection.php(713): CodeIgniter\Database\MySQLi\Connection->execute('INSERT INTO `pr...')
#2 C:\WORK\BIITEEK\Projects\Forked\Codeignitor-PHP-based-Tax-Invoice-Quotation-Proforma-QuickQuote-Purchase-invoice-management-System\system\Database\BaseConnection.php(641): CodeIgniter\Database\BaseConnection->simpleQuery('INSERT INTO `pr...')
#3 C:\WORK\BIITEEK\Projects\Forked\Codeignitor-PHP-based-Tax-Invoice-Quotation-Proforma-QuickQuote-Purchase-invoice-management-System\system\Database\BaseBuilder.php(2107): CodeIgniter\Database\BaseConnection->query('INSERT INTO `pr...', Array, false)
#4 C:\WORK\BIITEEK\Projects\Forked\Codeignitor-PHP-based-Tax-Invoice-Quotation-Proforma-QuickQuote-Purchase-invoice-management-System\system\Model.php(323): CodeIgniter\Database\BaseBuilder->insertBatch(Array, NULL, 100)
#5 C:\WORK\BIITEEK\Projects\Forked\Codeignitor-PHP-based-Tax-Invoice-Quotation-Proforma-QuickQuote-Purchase-invoice-management-System\system\BaseModel.php(843): CodeIgniter\Model->doInsertBatch(Array, NULL, 100, false)
#6 C:\WORK\BIITEEK\Projects\Forked\Codeignitor-PHP-based-Tax-Invoice-Quotation-Proforma-QuickQuote-Purchase-invoice-management-System\app\Controllers\Proinv.php(788): CodeIgniter\BaseModel->insertBatch(Array)
#7 C:\WORK\BIITEEK\Projects\Forked\Codeignitor-PHP-based-Tax-Invoice-Quotation-Proforma-QuickQuote-Purchase-invoice-management-System\system\CodeIgniter.php(936): App\Controllers\Proinv->insert()
#8 C:\WORK\BIITEEK\Projects\Forked\Codeignitor-PHP-based-Tax-Invoice-Quotation-Proforma-QuickQuote-Purchase-invoice-management-System\system\CodeIgniter.php(432): CodeIgniter\CodeIgniter->runController(Object(App\Controllers\Proinv))
#9 C:\WORK\BIITEEK\Projects\Forked\Codeignitor-PHP-based-Tax-Invoice-Quotation-Proforma-QuickQuote-Purchase-invoice-management-System\system\CodeIgniter.php(333): CodeIgniter\CodeIgniter->handleRequest(NULL, Object(Config\Cache), false)
#10 C:\WORK\BIITEEK\Projects\Forked\Codeignitor-PHP-based-Tax-Invoice-Quotation-Proforma-QuickQuote-Purchase-invoice-management-System\index.php(44): CodeIgniter\CodeIgniter->run()
#11 C:\WORK\BIITEEK\Projects\Forked\Codeignitor-PHP-based-Tax-Invoice-Quotation-Proforma-QuickQuote-Purchase-invoice-management-System\router.php(50): require_once('C:\\WORK\\BIITEEK...')
#12 {main}
CRITICAL - 2025-08-29 10:50:10 --> Unknown column 'bank_id' in 'field list'
#0 C:\WORK\BIITEEK\Projects\Forked\Codeignitor-PHP-based-Tax-Invoice-Quotation-Proforma-QuickQuote-Purchase-invoice-management-System\system\Database\MySQLi\Connection.php(314): mysqli->query('INSERT INTO `pr...')
#1 C:\WORK\BIITEEK\Projects\Forked\Codeignitor-PHP-based-Tax-Invoice-Quotation-Proforma-QuickQuote-Purchase-invoice-management-System\system\Database\BaseConnection.php(713): CodeIgniter\Database\MySQLi\Connection->execute('INSERT INTO `pr...')
#2 C:\WORK\BIITEEK\Projects\Forked\Codeignitor-PHP-based-Tax-Invoice-Quotation-Proforma-QuickQuote-Purchase-invoice-management-System\system\Database\BaseConnection.php(641): CodeIgniter\Database\BaseConnection->simpleQuery('INSERT INTO `pr...')
#3 C:\WORK\BIITEEK\Projects\Forked\Codeignitor-PHP-based-Tax-Invoice-Quotation-Proforma-QuickQuote-Purchase-invoice-management-System\system\Database\BaseBuilder.php(2107): CodeIgniter\Database\BaseConnection->query('INSERT INTO `pr...', Array, false)
#4 C:\WORK\BIITEEK\Projects\Forked\Codeignitor-PHP-based-Tax-Invoice-Quotation-Proforma-QuickQuote-Purchase-invoice-management-System\system\Model.php(323): CodeIgniter\Database\BaseBuilder->insertBatch(Array, NULL, 100)
#5 C:\WORK\BIITEEK\Projects\Forked\Codeignitor-PHP-based-Tax-Invoice-Quotation-Proforma-QuickQuote-Purchase-invoice-management-System\system\BaseModel.php(843): CodeIgniter\Model->doInsertBatch(Array, NULL, 100, false)
#6 C:\WORK\BIITEEK\Projects\Forked\Codeignitor-PHP-based-Tax-Invoice-Quotation-Proforma-QuickQuote-Purchase-invoice-management-System\app\Controllers\Proinv.php(788): CodeIgniter\BaseModel->insertBatch(Array)
#7 C:\WORK\BIITEEK\Projects\Forked\Codeignitor-PHP-based-Tax-Invoice-Quotation-Proforma-QuickQuote-Purchase-invoice-management-System\system\CodeIgniter.php(936): App\Controllers\Proinv->insert()
#8 C:\WORK\BIITEEK\Projects\Forked\Codeignitor-PHP-based-Tax-Invoice-Quotation-Proforma-QuickQuote-Purchase-invoice-management-System\system\CodeIgniter.php(432): CodeIgniter\CodeIgniter->runController(Object(App\Controllers\Proinv))
#9 C:\WORK\BIITEEK\Projects\Forked\Codeignitor-PHP-based-Tax-Invoice-Quotation-Proforma-QuickQuote-Purchase-invoice-management-System\system\CodeIgniter.php(333): CodeIgniter\CodeIgniter->handleRequest(NULL, Object(Config\Cache), false)
#10 C:\WORK\BIITEEK\Projects\Forked\Codeignitor-PHP-based-Tax-Invoice-Quotation-Proforma-QuickQuote-Purchase-invoice-management-System\index.php(44): CodeIgniter\CodeIgniter->run()
#11 C:\WORK\BIITEEK\Projects\Forked\Codeignitor-PHP-based-Tax-Invoice-Quotation-Proforma-QuickQuote-Purchase-invoice-management-System\router.php(50): require_once('C:\\WORK\\BIITEEK...')
#12 {main}
INFO - 2025-08-29 10:50:12 --> Session: Class initialized using 'CodeIgniter\Session\Handlers\FileHandler' driver.
ERROR - 2025-08-29 10:50:12 --> mysqli_sql_exception: Unknown column 'bank_id' in 'field list' in C:\WORK\BIITEEK\Projects\Forked\Codeignitor-PHP-based-Tax-Invoice-Quotation-Proforma-QuickQuote-Purchase-invoice-management-System\system\Database\MySQLi\Connection.php:314
Stack trace:
#0 C:\WORK\BIITEEK\Projects\Forked\Codeignitor-PHP-based-Tax-Invoice-Quotation-Proforma-QuickQuote-Purchase-invoice-management-System\system\Database\MySQLi\Connection.php(314): mysqli->query('INSERT INTO `pr...')
#1 C:\WORK\BIITEEK\Projects\Forked\Codeignitor-PHP-based-Tax-Invoice-Quotation-Proforma-QuickQuote-Purchase-invoice-management-System\system\Database\BaseConnection.php(713): CodeIgniter\Database\MySQLi\Connection->execute('INSERT INTO `pr...')
#2 C:\WORK\BIITEEK\Projects\Forked\Codeignitor-PHP-based-Tax-Invoice-Quotation-Proforma-QuickQuote-Purchase-invoice-management-System\system\Database\BaseConnection.php(641): CodeIgniter\Database\BaseConnection->simpleQuery('INSERT INTO `pr...')
#3 C:\WORK\BIITEEK\Projects\Forked\Codeignitor-PHP-based-Tax-Invoice-Quotation-Proforma-QuickQuote-Purchase-invoice-management-System\system\Database\BaseBuilder.php(2107): CodeIgniter\Database\BaseConnection->query('INSERT INTO `pr...', Array, false)
#4 C:\WORK\BIITEEK\Projects\Forked\Codeignitor-PHP-based-Tax-Invoice-Quotation-Proforma-QuickQuote-Purchase-invoice-management-System\system\Model.php(323): CodeIgniter\Database\BaseBuilder->insertBatch(Array, NULL, 100)
#5 C:\WORK\BIITEEK\Projects\Forked\Codeignitor-PHP-based-Tax-Invoice-Quotation-Proforma-QuickQuote-Purchase-invoice-management-System\system\BaseModel.php(843): CodeIgniter\Model->doInsertBatch(Array, NULL, 100, false)
#6 C:\WORK\BIITEEK\Projects\Forked\Codeignitor-PHP-based-Tax-Invoice-Quotation-Proforma-QuickQuote-Purchase-invoice-management-System\app\Controllers\Proinv.php(788): CodeIgniter\BaseModel->insertBatch(Array)
#7 C:\WORK\BIITEEK\Projects\Forked\Codeignitor-PHP-based-Tax-Invoice-Quotation-Proforma-QuickQuote-Purchase-invoice-management-System\system\CodeIgniter.php(936): App\Controllers\Proinv->insert()
#8 C:\WORK\BIITEEK\Projects\Forked\Codeignitor-PHP-based-Tax-Invoice-Quotation-Proforma-QuickQuote-Purchase-invoice-management-System\system\CodeIgniter.php(432): CodeIgniter\CodeIgniter->runController(Object(App\Controllers\Proinv))
#9 C:\WORK\BIITEEK\Projects\Forked\Codeignitor-PHP-based-Tax-Invoice-Quotation-Proforma-QuickQuote-Purchase-invoice-management-System\system\CodeIgniter.php(333): CodeIgniter\CodeIgniter->handleRequest(NULL, Object(Config\Cache), false)
#10 C:\WORK\BIITEEK\Projects\Forked\Codeignitor-PHP-based-Tax-Invoice-Quotation-Proforma-QuickQuote-Purchase-invoice-management-System\index.php(44): CodeIgniter\CodeIgniter->run()
#11 C:\WORK\BIITEEK\Projects\Forked\Codeignitor-PHP-based-Tax-Invoice-Quotation-Proforma-QuickQuote-Purchase-invoice-management-System\router.php(50): require_once('C:\\WORK\\BIITEEK...')
#12 {main}
CRITICAL - 2025-08-29 10:50:12 --> Unknown column 'bank_id' in 'field list'
#0 C:\WORK\BIITEEK\Projects\Forked\Codeignitor-PHP-based-Tax-Invoice-Quotation-Proforma-QuickQuote-Purchase-invoice-management-System\system\Database\MySQLi\Connection.php(314): mysqli->query('INSERT INTO `pr...')
#1 C:\WORK\BIITEEK\Projects\Forked\Codeignitor-PHP-based-Tax-Invoice-Quotation-Proforma-QuickQuote-Purchase-invoice-management-System\system\Database\BaseConnection.php(713): CodeIgniter\Database\MySQLi\Connection->execute('INSERT INTO `pr...')
#2 C:\WORK\BIITEEK\Projects\Forked\Codeignitor-PHP-based-Tax-Invoice-Quotation-Proforma-QuickQuote-Purchase-invoice-management-System\system\Database\BaseConnection.php(641): CodeIgniter\Database\BaseConnection->simpleQuery('INSERT INTO `pr...')
#3 C:\WORK\BIITEEK\Projects\Forked\Codeignitor-PHP-based-Tax-Invoice-Quotation-Proforma-QuickQuote-Purchase-invoice-management-System\system\Database\BaseBuilder.php(2107): CodeIgniter\Database\BaseConnection->query('INSERT INTO `pr...', Array, false)
#4 C:\WORK\BIITEEK\Projects\Forked\Codeignitor-PHP-based-Tax-Invoice-Quotation-Proforma-QuickQuote-Purchase-invoice-management-System\system\Model.php(323): CodeIgniter\Database\BaseBuilder->insertBatch(Array, NULL, 100)
#5 C:\WORK\BIITEEK\Projects\Forked\Codeignitor-PHP-based-Tax-Invoice-Quotation-Proforma-QuickQuote-Purchase-invoice-management-System\system\BaseModel.php(843): CodeIgniter\Model->doInsertBatch(Array, NULL, 100, false)
#6 C:\WORK\BIITEEK\Projects\Forked\Codeignitor-PHP-based-Tax-Invoice-Quotation-Proforma-QuickQuote-Purchase-invoice-management-System\app\Controllers\Proinv.php(788): CodeIgniter\BaseModel->insertBatch(Array)
#7 C:\WORK\BIITEEK\Projects\Forked\Codeignitor-PHP-based-Tax-Invoice-Quotation-Proforma-QuickQuote-Purchase-invoice-management-System\system\CodeIgniter.php(936): App\Controllers\Proinv->insert()
#8 C:\WORK\BIITEEK\Projects\Forked\Codeignitor-PHP-based-Tax-Invoice-Quotation-Proforma-QuickQuote-Purchase-invoice-management-System\system\CodeIgniter.php(432): CodeIgniter\CodeIgniter->runController(Object(App\Controllers\Proinv))
#9 C:\WORK\BIITEEK\Projects\Forked\Codeignitor-PHP-based-Tax-Invoice-Quotation-Proforma-QuickQuote-Purchase-invoice-management-System\system\CodeIgniter.php(333): CodeIgniter\CodeIgniter->handleRequest(NULL, Object(Config\Cache), false)
#10 C:\WORK\BIITEEK\Projects\Forked\Codeignitor-PHP-based-Tax-Invoice-Quotation-Proforma-QuickQuote-Purchase-invoice-management-System\index.php(44): CodeIgniter\CodeIgniter->run()
#11 C:\WORK\BIITEEK\Projects\Forked\Codeignitor-PHP-based-Tax-Invoice-Quotation-Proforma-QuickQuote-Purchase-invoice-management-System\router.php(50): require_once('C:\\WORK\\BIITEEK...')
#12 {main}
INFO - 2025-08-29 10:50:13 --> Session: Class initialized using 'CodeIgniter\Session\Handlers\FileHandler' driver.
ERROR - 2025-08-29 10:50:13 --> mysqli_sql_exception: Unknown column 'bank_id' in 'field list' in C:\WORK\BIITEEK\Projects\Forked\Codeignitor-PHP-based-Tax-Invoice-Quotation-Proforma-QuickQuote-Purchase-invoice-management-System\system\Database\MySQLi\Connection.php:314
Stack trace:
#0 C:\WORK\BIITEEK\Projects\Forked\Codeignitor-PHP-based-Tax-Invoice-Quotation-Proforma-QuickQuote-Purchase-invoice-management-System\system\Database\MySQLi\Connection.php(314): mysqli->query('INSERT INTO `pr...')
#1 C:\WORK\BIITEEK\Projects\Forked\Codeignitor-PHP-based-Tax-Invoice-Quotation-Proforma-QuickQuote-Purchase-invoice-management-System\system\Database\BaseConnection.php(713): CodeIgniter\Database\MySQLi\Connection->execute('INSERT INTO `pr...')
#2 C:\WORK\BIITEEK\Projects\Forked\Codeignitor-PHP-based-Tax-Invoice-Quotation-Proforma-QuickQuote-Purchase-invoice-management-System\system\Database\BaseConnection.php(641): CodeIgniter\Database\BaseConnection->simpleQuery('INSERT INTO `pr...')
#3 C:\WORK\BIITEEK\Projects\Forked\Codeignitor-PHP-based-Tax-Invoice-Quotation-Proforma-QuickQuote-Purchase-invoice-management-System\system\Database\BaseBuilder.php(2107): CodeIgniter\Database\BaseConnection->query('INSERT INTO `pr...', Array, false)
#4 C:\WORK\BIITEEK\Projects\Forked\Codeignitor-PHP-based-Tax-Invoice-Quotation-Proforma-QuickQuote-Purchase-invoice-management-System\system\Model.php(323): CodeIgniter\Database\BaseBuilder->insertBatch(Array, NULL, 100)
#5 C:\WORK\BIITEEK\Projects\Forked\Codeignitor-PHP-based-Tax-Invoice-Quotation-Proforma-QuickQuote-Purchase-invoice-management-System\system\BaseModel.php(843): CodeIgniter\Model->doInsertBatch(Array, NULL, 100, false)
#6 C:\WORK\BIITEEK\Projects\Forked\Codeignitor-PHP-based-Tax-Invoice-Quotation-Proforma-QuickQuote-Purchase-invoice-management-System\app\Controllers\Proinv.php(788): CodeIgniter\BaseModel->insertBatch(Array)
#7 C:\WORK\BIITEEK\Projects\Forked\Codeignitor-PHP-based-Tax-Invoice-Quotation-Proforma-QuickQuote-Purchase-invoice-management-System\system\CodeIgniter.php(936): App\Controllers\Proinv->insert()
#8 C:\WORK\BIITEEK\Projects\Forked\Codeignitor-PHP-based-Tax-Invoice-Quotation-Proforma-QuickQuote-Purchase-invoice-management-System\system\CodeIgniter.php(432): CodeIgniter\CodeIgniter->runController(Object(App\Controllers\Proinv))
#9 C:\WORK\BIITEEK\Projects\Forked\Codeignitor-PHP-based-Tax-Invoice-Quotation-Proforma-QuickQuote-Purchase-invoice-management-System\system\CodeIgniter.php(333): CodeIgniter\CodeIgniter->handleRequest(NULL, Object(Config\Cache), false)
#10 C:\WORK\BIITEEK\Projects\Forked\Codeignitor-PHP-based-Tax-Invoice-Quotation-Proforma-QuickQuote-Purchase-invoice-management-System\index.php(44): CodeIgniter\CodeIgniter->run()
#11 C:\WORK\BIITEEK\Projects\Forked\Codeignitor-PHP-based-Tax-Invoice-Quotation-Proforma-QuickQuote-Purchase-invoice-management-System\router.php(50): require_once('C:\\WORK\\BIITEEK...')
#12 {main}
CRITICAL - 2025-08-29 10:50:13 --> Unknown column 'bank_id' in 'field list'
#0 C:\WORK\BIITEEK\Projects\Forked\Codeignitor-PHP-based-Tax-Invoice-Quotation-Proforma-QuickQuote-Purchase-invoice-management-System\system\Database\MySQLi\Connection.php(314): mysqli->query('INSERT INTO `pr...')
#1 C:\WORK\BIITEEK\Projects\Forked\Codeignitor-PHP-based-Tax-Invoice-Quotation-Proforma-QuickQuote-Purchase-invoice-management-System\system\Database\BaseConnection.php(713): CodeIgniter\Database\MySQLi\Connection->execute('INSERT INTO `pr...')
#2 C:\WORK\BIITEEK\Projects\Forked\Codeignitor-PHP-based-Tax-Invoice-Quotation-Proforma-QuickQuote-Purchase-invoice-management-System\system\Database\BaseConnection.php(641): CodeIgniter\Database\BaseConnection->simpleQuery('INSERT INTO `pr...')
#3 C:\WORK\BIITEEK\Projects\Forked\Codeignitor-PHP-based-Tax-Invoice-Quotation-Proforma-QuickQuote-Purchase-invoice-management-System\system\Database\BaseBuilder.php(2107): CodeIgniter\Database\BaseConnection->query('INSERT INTO `pr...', Array, false)
#4 C:\WORK\BIITEEK\Projects\Forked\Codeignitor-PHP-based-Tax-Invoice-Quotation-Proforma-QuickQuote-Purchase-invoice-management-System\system\Model.php(323): CodeIgniter\Database\BaseBuilder->insertBatch(Array, NULL, 100)
#5 C:\WORK\BIITEEK\Projects\Forked\Codeignitor-PHP-based-Tax-Invoice-Quotation-Proforma-QuickQuote-Purchase-invoice-management-System\system\BaseModel.php(843): CodeIgniter\Model->doInsertBatch(Array, NULL, 100, false)
#6 C:\WORK\BIITEEK\Projects\Forked\Codeignitor-PHP-based-Tax-Invoice-Quotation-Proforma-QuickQuote-Purchase-invoice-management-System\app\Controllers\Proinv.php(788): CodeIgniter\BaseModel->insertBatch(Array)
#7 C:\WORK\BIITEEK\Projects\Forked\Codeignitor-PHP-based-Tax-Invoice-Quotation-Proforma-QuickQuote-Purchase-invoice-management-System\system\CodeIgniter.php(936): App\Controllers\Proinv->insert()
#8 C:\WORK\BIITEEK\Projects\Forked\Codeignitor-PHP-based-Tax-Invoice-Quotation-Proforma-QuickQuote-Purchase-invoice-management-System\system\CodeIgniter.php(432): CodeIgniter\CodeIgniter->runController(Object(App\Controllers\Proinv))
#9 C:\WORK\BIITEEK\Projects\Forked\Codeignitor-PHP-based-Tax-Invoice-Quotation-Proforma-QuickQuote-Purchase-invoice-management-System\system\CodeIgniter.php(333): CodeIgniter\CodeIgniter->handleRequest(NULL, Object(Config\Cache), false)
#10 C:\WORK\BIITEEK\Projects\Forked\Codeignitor-PHP-based-Tax-Invoice-Quotation-Proforma-QuickQuote-Purchase-invoice-management-System\index.php(44): CodeIgniter\CodeIgniter->run()
#11 C:\WORK\BIITEEK\Projects\Forked\Codeignitor-PHP-based-Tax-Invoice-Quotation-Proforma-QuickQuote-Purchase-invoice-management-System\router.php(50): require_once('C:\\WORK\\BIITEEK...')
#12 {main}
INFO - 2025-08-29 10:50:13 --> Session: Class initialized using 'CodeIgniter\Session\Handlers\FileHandler' driver.
ERROR - 2025-08-29 10:50:13 --> mysqli_sql_exception: Unknown column 'bank_id' in 'field list' in C:\WORK\BIITEEK\Projects\Forked\Codeignitor-PHP-based-Tax-Invoice-Quotation-Proforma-QuickQuote-Purchase-invoice-management-System\system\Database\MySQLi\Connection.php:314
Stack trace:
#0 C:\WORK\BIITEEK\Projects\Forked\Codeignitor-PHP-based-Tax-Invoice-Quotation-Proforma-QuickQuote-Purchase-invoice-management-System\system\Database\MySQLi\Connection.php(314): mysqli->query('INSERT INTO `pr...')
#1 C:\WORK\BIITEEK\Projects\Forked\Codeignitor-PHP-based-Tax-Invoice-Quotation-Proforma-QuickQuote-Purchase-invoice-management-System\system\Database\BaseConnection.php(713): CodeIgniter\Database\MySQLi\Connection->execute('INSERT INTO `pr...')
#2 C:\WORK\BIITEEK\Projects\Forked\Codeignitor-PHP-based-Tax-Invoice-Quotation-Proforma-QuickQuote-Purchase-invoice-management-System\system\Database\BaseConnection.php(641): CodeIgniter\Database\BaseConnection->simpleQuery('INSERT INTO `pr...')
#3 C:\WORK\BIITEEK\Projects\Forked\Codeignitor-PHP-based-Tax-Invoice-Quotation-Proforma-QuickQuote-Purchase-invoice-management-System\system\Database\BaseBuilder.php(2107): CodeIgniter\Database\BaseConnection->query('INSERT INTO `pr...', Array, false)
#4 C:\WORK\BIITEEK\Projects\Forked\Codeignitor-PHP-based-Tax-Invoice-Quotation-Proforma-QuickQuote-Purchase-invoice-management-System\system\Model.php(323): CodeIgniter\Database\BaseBuilder->insertBatch(Array, NULL, 100)
#5 C:\WORK\BIITEEK\Projects\Forked\Codeignitor-PHP-based-Tax-Invoice-Quotation-Proforma-QuickQuote-Purchase-invoice-management-System\system\BaseModel.php(843): CodeIgniter\Model->doInsertBatch(Array, NULL, 100, false)
#6 C:\WORK\BIITEEK\Projects\Forked\Codeignitor-PHP-based-Tax-Invoice-Quotation-Proforma-QuickQuote-Purchase-invoice-management-System\app\Controllers\Proinv.php(788): CodeIgniter\BaseModel->insertBatch(Array)
#7 C:\WORK\BIITEEK\Projects\Forked\Codeignitor-PHP-based-Tax-Invoice-Quotation-Proforma-QuickQuote-Purchase-invoice-management-System\system\CodeIgniter.php(936): App\Controllers\Proinv->insert()
#8 C:\WORK\BIITEEK\Projects\Forked\Codeignitor-PHP-based-Tax-Invoice-Quotation-Proforma-QuickQuote-Purchase-invoice-management-System\system\CodeIgniter.php(432): CodeIgniter\CodeIgniter->runController(Object(App\Controllers\Proinv))
#9 C:\WORK\BIITEEK\Projects\Forked\Codeignitor-PHP-based-Tax-Invoice-Quotation-Proforma-QuickQuote-Purchase-invoice-management-System\system\CodeIgniter.php(333): CodeIgniter\CodeIgniter->handleRequest(NULL, Object(Config\Cache), false)
#10 C:\WORK\BIITEEK\Projects\Forked\Codeignitor-PHP-based-Tax-Invoice-Quotation-Proforma-QuickQuote-Purchase-invoice-management-System\index.php(44): CodeIgniter\CodeIgniter->run()
#11 C:\WORK\BIITEEK\Projects\Forked\Codeignitor-PHP-based-Tax-Invoice-Quotation-Proforma-QuickQuote-Purchase-invoice-management-System\router.php(50): require_once('C:\\WORK\\BIITEEK...')
#12 {main}
CRITICAL - 2025-08-29 10:50:13 --> Unknown column 'bank_id' in 'field list'
#0 C:\WORK\BIITEEK\Projects\Forked\Codeignitor-PHP-based-Tax-Invoice-Quotation-Proforma-QuickQuote-Purchase-invoice-management-System\system\Database\MySQLi\Connection.php(314): mysqli->query('INSERT INTO `pr...')
#1 C:\WORK\BIITEEK\Projects\Forked\Codeignitor-PHP-based-Tax-Invoice-Quotation-Proforma-QuickQuote-Purchase-invoice-management-System\system\Database\BaseConnection.php(713): CodeIgniter\Database\MySQLi\Connection->execute('INSERT INTO `pr...')
#2 C:\WORK\BIITEEK\Projects\Forked\Codeignitor-PHP-based-Tax-Invoice-Quotation-Proforma-QuickQuote-Purchase-invoice-management-System\system\Database\BaseConnection.php(641): CodeIgniter\Database\BaseConnection->simpleQuery('INSERT INTO `pr...')
#3 C:\WORK\BIITEEK\Projects\Forked\Codeignitor-PHP-based-Tax-Invoice-Quotation-Proforma-QuickQuote-Purchase-invoice-management-System\system\Database\BaseBuilder.php(2107): CodeIgniter\Database\BaseConnection->query('INSERT INTO `pr...', Array, false)
#4 C:\WORK\BIITEEK\Projects\Forked\Codeignitor-PHP-based-Tax-Invoice-Quotation-Proforma-QuickQuote-Purchase-invoice-management-System\system\Model.php(323): CodeIgniter\Database\BaseBuilder->insertBatch(Array, NULL, 100)
#5 C:\WORK\BIITEEK\Projects\Forked\Codeignitor-PHP-based-Tax-Invoice-Quotation-Proforma-QuickQuote-Purchase-invoice-management-System\system\BaseModel.php(843): CodeIgniter\Model->doInsertBatch(Array, NULL, 100, false)
#6 C:\WORK\BIITEEK\Projects\Forked\Codeignitor-PHP-based-Tax-Invoice-Quotation-Proforma-QuickQuote-Purchase-invoice-management-System\app\Controllers\Proinv.php(788): CodeIgniter\BaseModel->insertBatch(Array)
#7 C:\WORK\BIITEEK\Projects\Forked\Codeignitor-PHP-based-Tax-Invoice-Quotation-Proforma-QuickQuote-Purchase-invoice-management-System\system\CodeIgniter.php(936): App\Controllers\Proinv->insert()
#8 C:\WORK\BIITEEK\Projects\Forked\Codeignitor-PHP-based-Tax-Invoice-Quotation-Proforma-QuickQuote-Purchase-invoice-management-System\system\CodeIgniter.php(432): CodeIgniter\CodeIgniter->runController(Object(App\Controllers\Proinv))
#9 C:\WORK\BIITEEK\Projects\Forked\Codeignitor-PHP-based-Tax-Invoice-Quotation-Proforma-QuickQuote-Purchase-invoice-management-System\system\CodeIgniter.php(333): CodeIgniter\CodeIgniter->handleRequest(NULL, Object(Config\Cache), false)
#10 C:\WORK\BIITEEK\Projects\Forked\Codeignitor-PHP-based-Tax-Invoice-Quotation-Proforma-QuickQuote-Purchase-invoice-management-System\index.php(44): CodeIgniter\CodeIgniter->run()
#11 C:\WORK\BIITEEK\Projects\Forked\Codeignitor-PHP-based-Tax-Invoice-Quotation-Proforma-QuickQuote-Purchase-invoice-management-System\router.php(50): require_once('C:\\WORK\\BIITEEK...')
#12 {main}
INFO - 2025-08-29 10:50:18 --> Session: Class initialized using 'CodeIgniter\Session\Handlers\FileHandler' driver.
INFO - 2025-08-29 10:51:02 --> Session: Class initialized using 'CodeIgniter\Session\Handlers\FileHandler' driver.
INFO - 2025-08-29 10:51:27 --> Session: Class initialized using 'CodeIgniter\Session\Handlers\FileHandler' driver.
ERROR - 2025-08-29 10:51:27 --> mysqli_sql_exception: Unknown column 'bank_id' in 'field list' in C:\WORK\BIITEEK\Projects\Forked\Codeignitor-PHP-based-Tax-Invoice-Quotation-Proforma-QuickQuote-Purchase-invoice-management-System\system\Database\MySQLi\Connection.php:314
Stack trace:
#0 C:\WORK\BIITEEK\Projects\Forked\Codeignitor-PHP-based-Tax-Invoice-Quotation-Proforma-QuickQuote-Purchase-invoice-management-System\system\Database\MySQLi\Connection.php(314): mysqli->query('INSERT INTO `pr...')
#1 C:\WORK\BIITEEK\Projects\Forked\Codeignitor-PHP-based-Tax-Invoice-Quotation-Proforma-QuickQuote-Purchase-invoice-management-System\system\Database\BaseConnection.php(713): CodeIgniter\Database\MySQLi\Connection->execute('INSERT INTO `pr...')
#2 C:\WORK\BIITEEK\Projects\Forked\Codeignitor-PHP-based-Tax-Invoice-Quotation-Proforma-QuickQuote-Purchase-invoice-management-System\system\Database\BaseConnection.php(641): CodeIgniter\Database\BaseConnection->simpleQuery('INSERT INTO `pr...')
#3 C:\WORK\BIITEEK\Projects\Forked\Codeignitor-PHP-based-Tax-Invoice-Quotation-Proforma-QuickQuote-Purchase-invoice-management-System\system\Database\BaseBuilder.php(2107): CodeIgniter\Database\BaseConnection->query('INSERT INTO `pr...', Array, false)
#4 C:\WORK\BIITEEK\Projects\Forked\Codeignitor-PHP-based-Tax-Invoice-Quotation-Proforma-QuickQuote-Purchase-invoice-management-System\system\Model.php(323): CodeIgniter\Database\BaseBuilder->insertBatch(Array, NULL, 100)
#5 C:\WORK\BIITEEK\Projects\Forked\Codeignitor-PHP-based-Tax-Invoice-Quotation-Proforma-QuickQuote-Purchase-invoice-management-System\system\BaseModel.php(843): CodeIgniter\Model->doInsertBatch(Array, NULL, 100, false)
#6 C:\WORK\BIITEEK\Projects\Forked\Codeignitor-PHP-based-Tax-Invoice-Quotation-Proforma-QuickQuote-Purchase-invoice-management-System\app\Controllers\Proinv.php(788): CodeIgniter\BaseModel->insertBatch(Array)
#7 C:\WORK\BIITEEK\Projects\Forked\Codeignitor-PHP-based-Tax-Invoice-Quotation-Proforma-QuickQuote-Purchase-invoice-management-System\system\CodeIgniter.php(936): App\Controllers\Proinv->insert()
#8 C:\WORK\BIITEEK\Projects\Forked\Codeignitor-PHP-based-Tax-Invoice-Quotation-Proforma-QuickQuote-Purchase-invoice-management-System\system\CodeIgniter.php(432): CodeIgniter\CodeIgniter->runController(Object(App\Controllers\Proinv))
#9 C:\WORK\BIITEEK\Projects\Forked\Codeignitor-PHP-based-Tax-Invoice-Quotation-Proforma-QuickQuote-Purchase-invoice-management-System\system\CodeIgniter.php(333): CodeIgniter\CodeIgniter->handleRequest(NULL, Object(Config\Cache), false)
#10 C:\WORK\BIITEEK\Projects\Forked\Codeignitor-PHP-based-Tax-Invoice-Quotation-Proforma-QuickQuote-Purchase-invoice-management-System\index.php(44): CodeIgniter\CodeIgniter->run()
#11 C:\WORK\BIITEEK\Projects\Forked\Codeignitor-PHP-based-Tax-Invoice-Quotation-Proforma-QuickQuote-Purchase-invoice-management-System\router.php(50): require_once('C:\\WORK\\BIITEEK...')
#12 {main}
CRITICAL - 2025-08-29 10:51:27 --> Unknown column 'bank_id' in 'field list'
#0 C:\WORK\BIITEEK\Projects\Forked\Codeignitor-PHP-based-Tax-Invoice-Quotation-Proforma-QuickQuote-Purchase-invoice-management-System\system\Database\MySQLi\Connection.php(314): mysqli->query('INSERT INTO `pr...')
#1 C:\WORK\BIITEEK\Projects\Forked\Codeignitor-PHP-based-Tax-Invoice-Quotation-Proforma-QuickQuote-Purchase-invoice-management-System\system\Database\BaseConnection.php(713): CodeIgniter\Database\MySQLi\Connection->execute('INSERT INTO `pr...')
#2 C:\WORK\BIITEEK\Projects\Forked\Codeignitor-PHP-based-Tax-Invoice-Quotation-Proforma-QuickQuote-Purchase-invoice-management-System\system\Database\BaseConnection.php(641): CodeIgniter\Database\BaseConnection->simpleQuery('INSERT INTO `pr...')
#3 C:\WORK\BIITEEK\Projects\Forked\Codeignitor-PHP-based-Tax-Invoice-Quotation-Proforma-QuickQuote-Purchase-invoice-management-System\system\Database\BaseBuilder.php(2107): CodeIgniter\Database\BaseConnection->query('INSERT INTO `pr...', Array, false)
#4 C:\WORK\BIITEEK\Projects\Forked\Codeignitor-PHP-based-Tax-Invoice-Quotation-Proforma-QuickQuote-Purchase-invoice-management-System\system\Model.php(323): CodeIgniter\Database\BaseBuilder->insertBatch(Array, NULL, 100)
#5 C:\WORK\BIITEEK\Projects\Forked\Codeignitor-PHP-based-Tax-Invoice-Quotation-Proforma-QuickQuote-Purchase-invoice-management-System\system\BaseModel.php(843): CodeIgniter\Model->doInsertBatch(Array, NULL, 100, false)
#6 C:\WORK\BIITEEK\Projects\Forked\Codeignitor-PHP-based-Tax-Invoice-Quotation-Proforma-QuickQuote-Purchase-invoice-management-System\app\Controllers\Proinv.php(788): CodeIgniter\BaseModel->insertBatch(Array)
#7 C:\WORK\BIITEEK\Projects\Forked\Codeignitor-PHP-based-Tax-Invoice-Quotation-Proforma-QuickQuote-Purchase-invoice-management-System\system\CodeIgniter.php(936): App\Controllers\Proinv->insert()
#8 C:\WORK\BIITEEK\Projects\Forked\Codeignitor-PHP-based-Tax-Invoice-Quotation-Proforma-QuickQuote-Purchase-invoice-management-System\system\CodeIgniter.php(432): CodeIgniter\CodeIgniter->runController(Object(App\Controllers\Proinv))
#9 C:\WORK\BIITEEK\Projects\Forked\Codeignitor-PHP-based-Tax-Invoice-Quotation-Proforma-QuickQuote-Purchase-invoice-management-System\system\CodeIgniter.php(333): CodeIgniter\CodeIgniter->handleRequest(NULL, Object(Config\Cache), false)
#10 C:\WORK\BIITEEK\Projects\Forked\Codeignitor-PHP-based-Tax-Invoice-Quotation-Proforma-QuickQuote-Purchase-invoice-management-System\index.php(44): CodeIgniter\CodeIgniter->run()
#11 C:\WORK\BIITEEK\Projects\Forked\Codeignitor-PHP-based-Tax-Invoice-Quotation-Proforma-QuickQuote-Purchase-invoice-management-System\router.php(50): require_once('C:\\WORK\\BIITEEK...')
#12 {main}
INFO - 2025-08-29 12:17:29 --> Session: Class initialized using 'CodeIgniter\Session\Handlers\FileHandler' driver.
INFO - 2025-08-29 12:18:20 --> Session: Class initialized using 'CodeIgniter\Session\Handlers\FileHandler' driver.
INFO - 2025-08-29 12:18:28 --> Session: Class initialized using 'CodeIgniter\Session\Handlers\FileHandler' driver.
INFO - 2025-08-29 12:18:30 --> Session: Class initialized using 'CodeIgniter\Session\Handlers\FileHandler' driver.
INFO - 2025-08-29 12:18:32 --> Session: Class initialized using 'CodeIgniter\Session\Handlers\FileHandler' driver.
INFO - 2025-08-29 12:18:34 --> Session: Class initialized using 'CodeIgniter\Session\Handlers\FileHandler' driver.
INFO - 2025-08-29 12:18:36 --> Session: Class initialized using 'CodeIgniter\Session\Handlers\FileHandler' driver.
INFO - 2025-08-29 12:18:38 --> Session: Class initialized using 'CodeIgniter\Session\Handlers\FileHandler' driver.
INFO - 2025-08-29 12:19:39 --> Session: Class initialized using 'CodeIgniter\Session\Handlers\FileHandler' driver.
INFO - 2025-08-29 12:19:43 --> Session: Class initialized using 'CodeIgniter\Session\Handlers\FileHandler' driver.
INFO - 2025-08-29 12:26:23 --> Session: Class initialized using 'CodeIgniter\Session\Handlers\FileHandler' driver.
INFO - 2025-08-29 12:26:34 --> Session: Class initialized using 'CodeIgniter\Session\Handlers\FileHandler' driver.
INFO - 2025-08-29 12:27:49 --> Session: Class initialized using 'CodeIgniter\Session\Handlers\FileHandler' driver.
INFO - 2025-08-29 12:27:58 --> Session: Class initialized using 'CodeIgniter\Session\Handlers\FileHandler' driver.
INFO - 2025-08-29 12:30:30 --> Session: Class initialized using 'CodeIgniter\Session\Handlers\FileHandler' driver.
INFO - 2025-08-29 12:30:32 --> Session: Class initialized using 'CodeIgniter\Session\Handlers\FileHandler' driver.
INFO - 2025-08-29 12:35:38 --> Session: Class initialized using 'CodeIgniter\Session\Handlers\FileHandler' driver.
INFO - 2025-08-29 12:35:57 --> Session: Class initialized using 'CodeIgniter\Session\Handlers\FileHandler' driver.
INFO - 2025-08-29 12:38:31 --> Session: Class initialized using 'CodeIgniter\Session\Handlers\FileHandler' driver.
INFO - 2025-08-29 12:38:33 --> Session: Class initialized using 'CodeIgniter\Session\Handlers\FileHandler' driver.
INFO - 2025-08-29 12:44:34 --> Session: Class initialized using 'CodeIgniter\Session\Handlers\FileHandler' driver.
INFO - 2025-08-29 12:44:45 --> Session: Class initialized using 'CodeIgniter\Session\Handlers\FileHandler' driver.
INFO - 2025-08-29 12:49:15 --> Session: Class initialized using 'CodeIgniter\Session\Handlers\FileHandler' driver.
INFO - 2025-08-29 12:49:28 --> Session: Class initialized using 'CodeIgniter\Session\Handlers\FileHandler' driver.
INFO - 2025-08-29 12:49:49 --> Session: Class initialized using 'CodeIgniter\Session\Handlers\FileHandler' driver.
INFO - 2025-08-29 12:58:03 --> Session: Class initialized using 'CodeIgniter\Session\Handlers\FileHandler' driver.
INFO - 2025-08-29 12:58:23 --> Session: Class initialized using 'CodeIgniter\Session\Handlers\FileHandler' driver.
INFO - 2025-08-29 12:58:32 --> Session: Class initialized using 'CodeIgniter\Session\Handlers\FileHandler' driver.
INFO - 2025-08-29 12:58:36 --> Session: Class initialized using 'CodeIgniter\Session\Handlers\FileHandler' driver.
INFO - 2025-08-29 12:58:57 --> Session: Class initialized using 'CodeIgniter\Session\Handlers\FileHandler' driver.
INFO - 2025-08-29 12:59:01 --> Session: Class initialized using 'CodeIgniter\Session\Handlers\FileHandler' driver.
INFO - 2025-08-29 12:59:25 --> Session: Class initialized using 'CodeIgniter\Session\Handlers\FileHandler' driver.
INFO - 2025-08-29 12:59:54 --> Session: Class initialized using 'CodeIgniter\Session\Handlers\FileHandler' driver.
ERROR - 2025-08-29 12:59:54 --> mysqli_sql_exception: Duplicate entry ' PI/25-26/0004' for key 'PRIMARY' in C:\WORK\BIITEEK\Projects\Forked\Codeignitor-PHP-based-Tax-Invoice-Quotation-Proforma-QuickQuote-Purchase-invoice-management-System\system\Database\MySQLi\Connection.php:314
Stack trace:
#0 C:\WORK\BIITEEK\Projects\Forked\Codeignitor-PHP-based-Tax-Invoice-Quotation-Proforma-QuickQuote-Purchase-invoice-management-System\system\Database\MySQLi\Connection.php(314): mysqli->query('INSERT INTO `pr...')
#1 C:\WORK\BIITEEK\Projects\Forked\Codeignitor-PHP-based-Tax-Invoice-Quotation-Proforma-QuickQuote-Purchase-invoice-management-System\system\Database\BaseConnection.php(713): CodeIgniter\Database\MySQLi\Connection->execute('INSERT INTO `pr...')
#2 C:\WORK\BIITEEK\Projects\Forked\Codeignitor-PHP-based-Tax-Invoice-Quotation-Proforma-QuickQuote-Purchase-invoice-management-System\system\Database\BaseConnection.php(641): CodeIgniter\Database\BaseConnection->simpleQuery('INSERT INTO `pr...')
#3 C:\WORK\BIITEEK\Projects\Forked\Codeignitor-PHP-based-Tax-Invoice-Quotation-Proforma-QuickQuote-Purchase-invoice-management-System\system\Database\BaseBuilder.php(2263): CodeIgniter\Database\BaseConnection->query('INSERT INTO `pr...', Array, false)
#4 C:\WORK\BIITEEK\Projects\Forked\Codeignitor-PHP-based-Tax-Invoice-Quotation-Proforma-QuickQuote-Purchase-invoice-management-System\system\Model.php(278): CodeIgniter\Database\BaseBuilder->insert()
#5 C:\WORK\BIITEEK\Projects\Forked\Codeignitor-PHP-based-Tax-Invoice-Quotation-Proforma-QuickQuote-Purchase-invoice-management-System\system\BaseModel.php(758): CodeIgniter\Model->doInsert(Array)
#6 C:\WORK\BIITEEK\Projects\Forked\Codeignitor-PHP-based-Tax-Invoice-Quotation-Proforma-QuickQuote-Purchase-invoice-management-System\system\Model.php(705): CodeIgniter\BaseModel->insert(Array, true)
#7 C:\WORK\BIITEEK\Projects\Forked\Codeignitor-PHP-based-Tax-Invoice-Quotation-Proforma-QuickQuote-Purchase-invoice-management-System\app\Controllers\Proinv.php(893): CodeIgniter\Model->insert(Array)
#8 C:\WORK\BIITEEK\Projects\Forked\Codeignitor-PHP-based-Tax-Invoice-Quotation-Proforma-QuickQuote-Purchase-invoice-management-System\system\CodeIgniter.php(936): App\Controllers\Proinv->insert()
#9 C:\WORK\BIITEEK\Projects\Forked\Codeignitor-PHP-based-Tax-Invoice-Quotation-Proforma-QuickQuote-Purchase-invoice-management-System\system\CodeIgniter.php(432): CodeIgniter\CodeIgniter->runController(Object(App\Controllers\Proinv))
#10 C:\WORK\BIITEEK\Projects\Forked\Codeignitor-PHP-based-Tax-Invoice-Quotation-Proforma-QuickQuote-Purchase-invoice-management-System\system\CodeIgniter.php(333): CodeIgniter\CodeIgniter->handleRequest(NULL, Object(Config\Cache), false)
#11 C:\WORK\BIITEEK\Projects\Forked\Codeignitor-PHP-based-Tax-Invoice-Quotation-Proforma-QuickQuote-Purchase-invoice-management-System\index.php(44): CodeIgniter\CodeIgniter->run()
#12 C:\WORK\BIITEEK\Projects\Forked\Codeignitor-PHP-based-Tax-Invoice-Quotation-Proforma-QuickQuote-Purchase-invoice-management-System\router.php(50): require_once('C:\\WORK\\BIITEEK...')
#13 {main}
CRITICAL - 2025-08-29 12:59:54 --> Duplicate entry ' PI/25-26/0004' for key 'PRIMARY'
#0 C:\WORK\BIITEEK\Projects\Forked\Codeignitor-PHP-based-Tax-Invoice-Quotation-Proforma-QuickQuote-Purchase-invoice-management-System\system\Database\MySQLi\Connection.php(314): mysqli->query('INSERT INTO `pr...')
#1 C:\WORK\BIITEEK\Projects\Forked\Codeignitor-PHP-based-Tax-Invoice-Quotation-Proforma-QuickQuote-Purchase-invoice-management-System\system\Database\BaseConnection.php(713): CodeIgniter\Database\MySQLi\Connection->execute('INSERT INTO `pr...')
#2 C:\WORK\BIITEEK\Projects\Forked\Codeignitor-PHP-based-Tax-Invoice-Quotation-Proforma-QuickQuote-Purchase-invoice-management-System\system\Database\BaseConnection.php(641): CodeIgniter\Database\BaseConnection->simpleQuery('INSERT INTO `pr...')
#3 C:\WORK\BIITEEK\Projects\Forked\Codeignitor-PHP-based-Tax-Invoice-Quotation-Proforma-QuickQuote-Purchase-invoice-management-System\system\Database\BaseBuilder.php(2263): CodeIgniter\Database\BaseConnection->query('INSERT INTO `pr...', Array, false)
#4 C:\WORK\BIITEEK\Projects\Forked\Codeignitor-PHP-based-Tax-Invoice-Quotation-Proforma-QuickQuote-Purchase-invoice-management-System\system\Model.php(278): CodeIgniter\Database\BaseBuilder->insert()
#5 C:\WORK\BIITEEK\Projects\Forked\Codeignitor-PHP-based-Tax-Invoice-Quotation-Proforma-QuickQuote-Purchase-invoice-management-System\system\BaseModel.php(758): CodeIgniter\Model->doInsert(Array)
#6 C:\WORK\BIITEEK\Projects\Forked\Codeignitor-PHP-based-Tax-Invoice-Quotation-Proforma-QuickQuote-Purchase-invoice-management-System\system\Model.php(705): CodeIgniter\BaseModel->insert(Array, true)
#7 C:\WORK\BIITEEK\Projects\Forked\Codeignitor-PHP-based-Tax-Invoice-Quotation-Proforma-QuickQuote-Purchase-invoice-management-System\app\Controllers\Proinv.php(893): CodeIgniter\Model->insert(Array)
#8 C:\WORK\BIITEEK\Projects\Forked\Codeignitor-PHP-based-Tax-Invoice-Quotation-Proforma-QuickQuote-Purchase-invoice-management-System\system\CodeIgniter.php(936): App\Controllers\Proinv->insert()
#9 C:\WORK\BIITEEK\Projects\Forked\Codeignitor-PHP-based-Tax-Invoice-Quotation-Proforma-QuickQuote-Purchase-invoice-management-System\system\CodeIgniter.php(432): CodeIgniter\CodeIgniter->runController(Object(App\Controllers\Proinv))
#10 C:\WORK\BIITEEK\Projects\Forked\Codeignitor-PHP-based-Tax-Invoice-Quotation-Proforma-QuickQuote-Purchase-invoice-management-System\system\CodeIgniter.php(333): CodeIgniter\CodeIgniter->handleRequest(NULL, Object(Config\Cache), false)
#11 C:\WORK\BIITEEK\Projects\Forked\Codeignitor-PHP-based-Tax-Invoice-Quotation-Proforma-QuickQuote-Purchase-invoice-management-System\index.php(44): CodeIgniter\CodeIgniter->run()
#12 C:\WORK\BIITEEK\Projects\Forked\Codeignitor-PHP-based-Tax-Invoice-Quotation-Proforma-QuickQuote-Purchase-invoice-management-System\router.php(50): require_once('C:\\WORK\\BIITEEK...')
#13 {main}
INFO - 2025-08-29 13:08:13 --> Session: Class initialized using 'CodeIgniter\Session\Handlers\FileHandler' driver.
INFO - 2025-08-29 13:08:53 --> Session: Class initialized using 'CodeIgniter\Session\Handlers\FileHandler' driver.
INFO - 2025-08-29 13:08:56 --> Session: Class initialized using 'CodeIgniter\Session\Handlers\FileHandler' driver.
INFO - 2025-08-29 13:08:57 --> Session: Class initialized using 'CodeIgniter\Session\Handlers\FileHandler' driver.
INFO - 2025-08-29 13:09:02 --> Session: Class initialized using 'CodeIgniter\Session\Handlers\FileHandler' driver.
INFO - 2025-08-29 13:09:41 --> Session: Class initialized using 'CodeIgniter\Session\Handlers\FileHandler' driver.
ERROR - 2025-08-29 13:09:41 --> Main invoice insert failed: ""
INFO - 2025-08-29 13:09:53 --> Session: Class initialized using 'CodeIgniter\Session\Handlers\FileHandler' driver.
INFO - 2025-08-29 13:10:01 --> Session: Class initialized using 'CodeIgniter\Session\Handlers\FileHandler' driver.
INFO - 2025-08-29 13:10:06 --> Session: Class initialized using 'CodeIgniter\Session\Handlers\FileHandler' driver.
INFO - 2025-08-29 13:14:36 --> Session: Class initialized using 'CodeIgniter\Session\Handlers\FileHandler' driver.
INFO - 2025-08-29 13:21:21 --> Session: Class initialized using 'CodeIgniter\Session\Handlers\FileHandler' driver.
INFO - 2025-08-29 13:25:01 --> Session: Class initialized using 'CodeIgniter\Session\Handlers\FileHandler' driver.
INFO - 2025-08-29 13:25:24 --> Session: Class initialized using 'CodeIgniter\Session\Handlers\FileHandler' driver.
INFO - 2025-08-29 13:26:22 --> Session: Class initialized using 'CodeIgniter\Session\Handlers\FileHandler' driver.
INFO - 2025-08-29 13:38:53 --> Session: Class initialized using 'CodeIgniter\Session\Handlers\FileHandler' driver.
INFO - 2025-08-29 13:43:00 --> Session: Class initialized using 'CodeIgniter\Session\Handlers\FileHandler' driver.
INFO - 2025-08-29 13:44:31 --> Session: Class initialized using 'CodeIgniter\Session\Handlers\FileHandler' driver.
INFO - 2025-08-29 14:02:19 --> Session: Class initialized using 'CodeIgniter\Session\Handlers\FileHandler' driver.
INFO - 2025-08-29 14:04:50 --> Session: Class initialized using 'CodeIgniter\Session\Handlers\FileHandler' driver.
INFO - 2025-08-29 14:05:25 --> Session: Class initialized using 'CodeIgniter\Session\Handlers\FileHandler' driver.
INFO - 2025-08-29 14:07:11 --> Session: Class initialized using 'CodeIgniter\Session\Handlers\FileHandler' driver.
INFO - 2025-08-29 14:08:31 --> Session: Class initialized using 'CodeIgniter\Session\Handlers\FileHandler' driver.
INFO - 2025-08-29 14:10:33 --> Session: Class initialized using 'CodeIgniter\Session\Handlers\FileHandler' driver.
INFO - 2025-08-29 14:11:00 --> Session: Class initialized using 'CodeIgniter\Session\Handlers\FileHandler' driver.
INFO - 2025-08-29 14:12:07 --> Session: Class initialized using 'CodeIgniter\Session\Handlers\FileHandler' driver.
INFO - 2025-08-29 14:12:55 --> Session: Class initialized using 'CodeIgniter\Session\Handlers\FileHandler' driver.
INFO - 2025-08-29 14:13:24 --> Session: Class initialized using 'CodeIgniter\Session\Handlers\FileHandler' driver.
INFO - 2025-08-29 14:13:43 --> Session: Class initialized using 'CodeIgniter\Session\Handlers\FileHandler' driver.
INFO - 2025-08-29 14:15:30 --> Session: Class initialized using 'CodeIgniter\Session\Handlers\FileHandler' driver.
INFO - 2025-08-29 14:16:43 --> Session: Class initialized using 'CodeIgniter\Session\Handlers\FileHandler' driver.
INFO - 2025-08-29 14:20:10 --> Session: Class initialized using 'CodeIgniter\Session\Handlers\FileHandler' driver.
INFO - 2025-08-29 14:21:29 --> Session: Class initialized using 'CodeIgniter\Session\Handlers\FileHandler' driver.
INFO - 2025-08-29 14:22:01 --> Session: Class initialized using 'CodeIgniter\Session\Handlers\FileHandler' driver.
INFO - 2025-08-29 14:22:25 --> Session: Class initialized using 'CodeIgniter\Session\Handlers\FileHandler' driver.
INFO - 2025-08-29 14:23:33 --> Session: Class initialized using 'CodeIgniter\Session\Handlers\FileHandler' driver.
INFO - 2025-08-29 14:23:51 --> Session: Class initialized using 'CodeIgniter\Session\Handlers\FileHandler' driver.
INFO - 2025-08-29 14:31:53 --> Session: Class initialized using 'CodeIgniter\Session\Handlers\FileHandler' driver.
INFO - 2025-08-29 14:38:14 --> Session: Class initialized using 'CodeIgniter\Session\Handlers\FileHandler' driver.
INFO - 2025-08-29 14:39:22 --> Session: Class initialized using 'CodeIgniter\Session\Handlers\FileHandler' driver.
INFO - 2025-08-29 14:40:02 --> Session: Class initialized using 'CodeIgniter\Session\Handlers\FileHandler' driver.
INFO - 2025-08-29 14:43:24 --> Session: Class initialized using 'CodeIgniter\Session\Handlers\FileHandler' driver.
INFO - 2025-08-29 14:45:35 --> Session: Class initialized using 'CodeIgniter\Session\Handlers\FileHandler' driver.
INFO - 2025-08-29 14:45:54 --> Session: Class initialized using 'CodeIgniter\Session\Handlers\FileHandler' driver.
INFO - 2025-08-29 14:46:23 --> Session: Class initialized using 'CodeIgniter\Session\Handlers\FileHandler' driver.
INFO - 2025-08-29 14:49:23 --> Session: Class initialized using 'CodeIgniter\Session\Handlers\FileHandler' driver.
INFO - 2025-08-29 14:49:49 --> Session: Class initialized using 'CodeIgniter\Session\Handlers\FileHandler' driver.
INFO - 2025-08-29 14:50:41 --> Session: Class initialized using 'CodeIgniter\Session\Handlers\FileHandler' driver.
INFO - 2025-08-29 14:50:58 --> Session: Class initialized using 'CodeIgniter\Session\Handlers\FileHandler' driver.
INFO - 2025-08-29 14:53:09 --> Session: Class initialized using 'CodeIgniter\Session\Handlers\FileHandler' driver.
INFO - 2025-08-29 14:56:06 --> Session: Class initialized using 'CodeIgniter\Session\Handlers\FileHandler' driver.
INFO - 2025-08-29 14:57:08 --> Session: Class initialized using 'CodeIgniter\Session\Handlers\FileHandler' driver.
INFO - 2025-08-29 14:57:55 --> Session: Class initialized using 'CodeIgniter\Session\Handlers\FileHandler' driver.
INFO - 2025-08-29 14:58:36 --> Session: Class initialized using 'CodeIgniter\Session\Handlers\FileHandler' driver.
INFO - 2025-08-29 14:59:43 --> Session: Class initialized using 'CodeIgniter\Session\Handlers\FileHandler' driver.
INFO - 2025-08-29 15:01:38 --> Session: Class initialized using 'CodeIgniter\Session\Handlers\FileHandler' driver.
INFO - 2025-08-29 15:02:42 --> Session: Class initialized using 'CodeIgniter\Session\Handlers\FileHandler' driver.
INFO - 2025-08-29 19:25:54 --> Session: Class initialized using 'CodeIgniter\Session\Handlers\FileHandler' driver.
ERROR - 2025-08-29 19:25:59 --> Error connecting to the database: No connection could be made because the target machine actively refused it.

CRITICAL - 2025-08-29 19:25:59 --> Unable to connect to the database.
#0 C:\WORK\BIITEEK\Projects\Forked\Codeignitor-PHP-based-Tax-Invoice-Quotation-Proforma-QuickQuote-Purchase-invoice-management-System\system\Database\BaseConnection.php(618): CodeIgniter\Database\BaseConnection->initialize()
#1 C:\WORK\BIITEEK\Projects\Forked\Codeignitor-PHP-based-Tax-Invoice-Quotation-Proforma-QuickQuote-Purchase-invoice-management-System\app\Controllers\Proinv.php(74): CodeIgniter\Database\BaseConnection->query('\r\n            S...')
#2 C:\WORK\BIITEEK\Projects\Forked\Codeignitor-PHP-based-Tax-Invoice-Quotation-Proforma-QuickQuote-Purchase-invoice-management-System\system\CodeIgniter.php(936): App\Controllers\Proinv->genproinv()
#3 C:\WORK\BIITEEK\Projects\Forked\Codeignitor-PHP-based-Tax-Invoice-Quotation-Proforma-QuickQuote-Purchase-invoice-management-System\system\CodeIgniter.php(432): CodeIgniter\CodeIgniter->runController(Object(App\Controllers\Proinv))
#4 C:\WORK\BIITEEK\Projects\Forked\Codeignitor-PHP-based-Tax-Invoice-Quotation-Proforma-QuickQuote-Purchase-invoice-management-System\system\CodeIgniter.php(333): CodeIgniter\CodeIgniter->handleRequest(NULL, Object(Config\Cache), false)
#5 C:\WORK\BIITEEK\Projects\Forked\Codeignitor-PHP-based-Tax-Invoice-Quotation-Proforma-QuickQuote-Purchase-invoice-management-System\index.php(44): CodeIgniter\CodeIgniter->run()
#6 C:\WORK\BIITEEK\Projects\Forked\Codeignitor-PHP-based-Tax-Invoice-Quotation-Proforma-QuickQuote-Purchase-invoice-management-System\router.php(50): require_once('C:\\WORK\\BIITEEK...')
#7 {main}
INFO - 2025-08-29 19:26:27 --> Session: Class initialized using 'CodeIgniter\Session\Handlers\FileHandler' driver.
INFO - 2025-08-29 19:27:26 --> Session: Class initialized using 'CodeIgniter\Session\Handlers\FileHandler' driver.
INFO - 2025-08-29 19:28:06 --> Session: Class initialized using 'CodeIgniter\Session\Handlers\FileHandler' driver.
INFO - 2025-08-29 19:28:12 --> Session: Class initialized using 'CodeIgniter\Session\Handlers\FileHandler' driver.
INFO - 2025-08-29 19:28:17 --> Session: Class initialized using 'CodeIgniter\Session\Handlers\FileHandler' driver.
INFO - 2025-08-29 19:34:42 --> Session: Class initialized using 'CodeIgniter\Session\Handlers\FileHandler' driver.
INFO - 2025-08-29 19:34:43 --> Session: Class initialized using 'CodeIgniter\Session\Handlers\FileHandler' driver.
INFO - 2025-08-29 19:35:45 --> Session: Class initialized using 'CodeIgniter\Session\Handlers\FileHandler' driver.
INFO - 2025-08-29 19:35:46 --> Session: Class initialized using 'CodeIgniter\Session\Handlers\FileHandler' driver.
INFO - 2025-08-29 19:36:09 --> Session: Class initialized using 'CodeIgniter\Session\Handlers\FileHandler' driver.
INFO - 2025-08-29 19:36:11 --> Session: Class initialized using 'CodeIgniter\Session\Handlers\FileHandler' driver.
INFO - 2025-08-29 19:36:23 --> Session: Class initialized using 'CodeIgniter\Session\Handlers\FileHandler' driver.
INFO - 2025-08-29 19:36:46 --> Session: Class initialized using 'CodeIgniter\Session\Handlers\FileHandler' driver.
INFO - 2025-08-29 19:37:02 --> Session: Class initialized using 'CodeIgniter\Session\Handlers\FileHandler' driver.
INFO - 2025-08-29 19:37:07 --> Session: Class initialized using 'CodeIgniter\Session\Handlers\FileHandler' driver.
INFO - 2025-08-29 19:37:12 --> Session: Class initialized using 'CodeIgniter\Session\Handlers\FileHandler' driver.
INFO - 2025-08-29 19:46:38 --> Session: Class initialized using 'CodeIgniter\Session\Handlers\FileHandler' driver.
INFO - 2025-08-29 19:46:56 --> Session: Class initialized using 'CodeIgniter\Session\Handlers\FileHandler' driver.
INFO - 2025-08-29 19:47:40 --> Session: Class initialized using 'CodeIgniter\Session\Handlers\FileHandler' driver.
INFO - 2025-08-29 19:47:57 --> Session: Class initialized using 'CodeIgniter\Session\Handlers\FileHandler' driver.
INFO - 2025-08-29 19:47:59 --> Session: Class initialized using 'CodeIgniter\Session\Handlers\FileHandler' driver.
INFO - 2025-08-29 19:48:40 --> Session: Class initialized using 'CodeIgniter\Session\Handlers\FileHandler' driver.
INFO - 2025-08-29 19:48:40 --> Session: Class initialized using 'CodeIgniter\Session\Handlers\FileHandler' driver.
INFO - 2025-08-29 19:49:09 --> Session: Class initialized using 'CodeIgniter\Session\Handlers\FileHandler' driver.
INFO - 2025-08-29 23:18:58 --> Session: Class initialized using 'CodeIgniter\Session\Handlers\FileHandler' driver.
INFO - 2025-08-29 23:19:05 --> Session: Class initialized using 'CodeIgniter\Session\Handlers\FileHandler' driver.
INFO - 2025-08-29 23:19:35 --> Session: Class initialized using 'CodeIgniter\Session\Handlers\FileHandler' driver.
INFO - 2025-08-29 23:19:44 --> Session: Class initialized using 'CodeIgniter\Session\Handlers\FileHandler' driver.
INFO - 2025-08-29 23:19:53 --> Session: Class initialized using 'CodeIgniter\Session\Handlers\FileHandler' driver.
INFO - 2025-08-29 23:20:12 --> Session: Class initialized using 'CodeIgniter\Session\Handlers\FileHandler' driver.
INFO - 2025-08-29 23:20:25 --> Session: Class initialized using 'CodeIgniter\Session\Handlers\FileHandler' driver.
INFO - 2025-08-29 23:20:26 --> Session: Class initialized using 'CodeIgniter\Session\Handlers\FileHandler' driver.
INFO - 2025-08-29 23:20:38 --> Session: Class initialized using 'CodeIgniter\Session\Handlers\FileHandler' driver.
INFO - 2025-08-29 23:20:39 --> Session: Class initialized using 'CodeIgniter\Session\Handlers\FileHandler' driver.
INFO - 2025-08-29 23:20:58 --> Session: Class initialized using 'CodeIgniter\Session\Handlers\FileHandler' driver.
INFO - 2025-08-29 23:22:13 --> Session: Class initialized using 'CodeIgniter\Session\Handlers\FileHandler' driver.
INFO - 2025-08-29 23:22:14 --> Session: Class initialized using 'CodeIgniter\Session\Handlers\FileHandler' driver.
INFO - 2025-08-29 23:24:39 --> Session: Class initialized using 'CodeIgniter\Session\Handlers\FileHandler' driver.
INFO - 2025-08-29 23:25:06 --> Session: Class initialized using 'CodeIgniter\Session\Handlers\FileHandler' driver.
INFO - 2025-08-29 23:25:26 --> Session: Class initialized using 'CodeIgniter\Session\Handlers\FileHandler' driver.
INFO - 2025-08-29 23:26:14 --> Session: Class initialized using 'CodeIgniter\Session\Handlers\FileHandler' driver.
INFO - 2025-08-29 23:34:32 --> Session: Class initialized using 'CodeIgniter\Session\Handlers\FileHandler' driver.
INFO - 2025-08-29 23:34:48 --> Session: Class initialized using 'CodeIgniter\Session\Handlers\FileHandler' driver.
INFO - 2025-08-29 23:34:54 --> Session: Class initialized using 'CodeIgniter\Session\Handlers\FileHandler' driver.
INFO - 2025-08-29 23:34:57 --> Session: Class initialized using 'CodeIgniter\Session\Handlers\FileHandler' driver.
INFO - 2025-08-29 23:47:13 --> Session: Class initialized using 'CodeIgniter\Session\Handlers\FileHandler' driver.
INFO - 2025-08-29 23:52:04 --> Session: Class initialized using 'CodeIgniter\Session\Handlers\FileHandler' driver.
INFO - 2025-08-29 23:52:36 --> Session: Class initialized using 'CodeIgniter\Session\Handlers\FileHandler' driver.
